running egg_info
writing ../../build/gazebo_sim/gazebo_sim.egg-info/PKG-INFO
writing dependency_links to ../../build/gazebo_sim/gazebo_sim.egg-info/dependency_links.txt
writing entry points to ../../build/gazebo_sim/gazebo_sim.egg-info/entry_points.txt
writing requirements to ../../build/gazebo_sim/gazebo_sim.egg-info/requires.txt
writing top-level names to ../../build/gazebo_sim/gazebo_sim.egg-info/top_level.txt
reading manifest file '../../build/gazebo_sim/gazebo_sim.egg-info/SOURCES.txt'
writing manifest file '../../build/gazebo_sim/gazebo_sim.egg-info/SOURCES.txt'
running build
running build_py
running install
running install_lib
running install_data
copying launch/sim.launch.py -> /home/ronnigm/astar_ws/install/gazebo_sim/share/gazebo_sim/launch
copying launch/nav.launch.py -> /home/ronnigm/astar_ws/install/gazebo_sim/share/gazebo_sim/launch
copying launch/slam.launch.py -> /home/ronnigm/astar_ws/install/gazebo_sim/share/gazebo_sim/launch
running install_egg_info
removing '/home/ronnigm/astar_ws/install/gazebo_sim/lib/python3.10/site-packages/gazebo_sim-0.0.1-py3.10.egg-info' (and everything under it)
Copying ../../build/gazebo_sim/gazebo_sim.egg-info to /home/ronnigm/astar_ws/install/gazebo_sim/lib/python3.10/site-packages/gazebo_sim-0.0.1-py3.10.egg-info
running install_scripts
writing list of installed files to '/home/ronnigm/astar_ws/build/gazebo_sim/install.log'
