running egg_info
creating ../../build/astar_planner/astar_planner.egg-info
writing ../../build/astar_planner/astar_planner.egg-info/PKG-INFO
writing dependency_links to ../../build/astar_planner/astar_planner.egg-info/dependency_links.txt
writing entry points to ../../build/astar_planner/astar_planner.egg-info/entry_points.txt
writing requirements to ../../build/astar_planner/astar_planner.egg-info/requires.txt
writing top-level names to ../../build/astar_planner/astar_planner.egg-info/top_level.txt
writing manifest file '../../build/astar_planner/astar_planner.egg-info/SOURCES.txt'
reading manifest file '../../build/astar_planner/astar_planner.egg-info/SOURCES.txt'
writing manifest file '../../build/astar_planner/astar_planner.egg-info/SOURCES.txt'
running build
running build_py
creating /home/ronnigm/astar_ws/build/astar_planner/build
creating /home/ronnigm/astar_ws/build/astar_planner/build/lib
creating /home/ronnigm/astar_ws/build/astar_planner/build/lib/astar_planner
copying astar_planner/astar_planner.py -> /home/ronnigm/astar_ws/build/astar_planner/build/lib/astar_planner
copying astar_planner/__init__.py -> /home/ronnigm/astar_ws/build/astar_planner/build/lib/astar_planner
running install
running install_lib
creating /home/ronnigm/astar_ws/install/astar_planner/lib/python3.10/site-packages/astar_planner
copying /home/ronnigm/astar_ws/build/astar_planner/build/lib/astar_planner/astar_planner.py -> /home/ronnigm/astar_ws/install/astar_planner/lib/python3.10/site-packages/astar_planner
copying /home/ronnigm/astar_ws/build/astar_planner/build/lib/astar_planner/__init__.py -> /home/ronnigm/astar_ws/install/astar_planner/lib/python3.10/site-packages/astar_planner
byte-compiling /home/ronnigm/astar_ws/install/astar_planner/lib/python3.10/site-packages/astar_planner/astar_planner.py to astar_planner.cpython-310.pyc
byte-compiling /home/ronnigm/astar_ws/install/astar_planner/lib/python3.10/site-packages/astar_planner/__init__.py to __init__.cpython-310.pyc
running install_data
creating /home/ronnigm/astar_ws/install/astar_planner/share/ament_index
creating /home/ronnigm/astar_ws/install/astar_planner/share/ament_index/resource_index
creating /home/ronnigm/astar_ws/install/astar_planner/share/ament_index/resource_index/packages
copying resource/astar_planner -> /home/ronnigm/astar_ws/install/astar_planner/share/ament_index/resource_index/packages
copying package.xml -> /home/ronnigm/astar_ws/install/astar_planner/share/astar_planner
running install_egg_info
Copying ../../build/astar_planner/astar_planner.egg-info to /home/ronnigm/astar_ws/install/astar_planner/lib/python3.10/site-packages/astar_planner-0.0.0-py3.10.egg-info
running install_scripts
Installing astar_planner script to /home/ronnigm/astar_ws/install/astar_planner/lib/astar_planner
writing list of installed files to '/home/ronnigm/astar_ws/build/astar_planner/install.log'
