[1.155s] Invoking command in '/home/ronnigm/astar_ws/src/astar_planner': PYTHONPATH=/home/ronnigm/astar_ws/build/astar_planner/prefix_override:/usr/lib/python3/dist-packages/colcon_core/task/python/colcon_distutils_commands:/home/ronnigm/astar_ws/install/astar_planner/lib/python3.10/site-packages:${PYTHONPATH} /usr/bin/python3 -W ignore:setup.py install is deprecated -W ignore:easy_install command is deprecated setup.py egg_info --egg-base ../../build/astar_planner build --build-base /home/ronnigm/astar_ws/build/astar_planner/build install --record /home/ronnigm/astar_ws/build/astar_planner/install.log --single-version-externally-managed install_data
[1.356s] running egg_info
[1.357s] writing ../../build/astar_planner/astar_planner.egg-info/PKG-INFO
[1.357s] writing dependency_links to ../../build/astar_planner/astar_planner.egg-info/dependency_links.txt
[1.357s] writing entry points to ../../build/astar_planner/astar_planner.egg-info/entry_points.txt
[1.357s] writing requirements to ../../build/astar_planner/astar_planner.egg-info/requires.txt
[1.358s] writing top-level names to ../../build/astar_planner/astar_planner.egg-info/top_level.txt
[1.359s] reading manifest file '../../build/astar_planner/astar_planner.egg-info/SOURCES.txt'
[1.360s] writing manifest file '../../build/astar_planner/astar_planner.egg-info/SOURCES.txt'
[1.360s] running build
[1.360s] running build_py
[1.360s] running install
[1.360s] running install_lib
[1.361s] running install_data
[1.361s] running install_egg_info
[1.362s] removing '/home/ronnigm/astar_ws/install/astar_planner/lib/python3.10/site-packages/astar_planner-0.0.0-py3.10.egg-info' (and everything under it)
[1.363s] Copying ../../build/astar_planner/astar_planner.egg-info to /home/ronnigm/astar_ws/install/astar_planner/lib/python3.10/site-packages/astar_planner-0.0.0-py3.10.egg-info
[1.363s] running install_scripts
[1.379s] Installing astar_planner script to /home/ronnigm/astar_ws/install/astar_planner/lib/astar_planner
[1.380s] writing list of installed files to '/home/ronnigm/astar_ws/build/astar_planner/install.log'
[1.407s] Invoked command in '/home/ronnigm/astar_ws/src/astar_planner' returned '0': PYTHONPATH=/home/ronnigm/astar_ws/build/astar_planner/prefix_override:/usr/lib/python3/dist-packages/colcon_core/task/python/colcon_distutils_commands:/home/ronnigm/astar_ws/install/astar_planner/lib/python3.10/site-packages:${PYTHONPATH} /usr/bin/python3 -W ignore:setup.py install is deprecated -W ignore:easy_install command is deprecated setup.py egg_info --egg-base ../../build/astar_planner build --build-base /home/ronnigm/astar_ws/build/astar_planner/build install --record /home/ronnigm/astar_ws/build/astar_planner/install.log --single-version-externally-managed install_data
