[1.133s] Invoking command in '/home/ronnigm/astar_ws/src/gazebo_sim': PYTHONPATH=/home/ronnigm/astar_ws/build/gazebo_sim/prefix_override:/usr/lib/python3/dist-packages/colcon_core/task/python/colcon_distutils_commands:/home/ronnigm/astar_ws/install/gazebo_sim/lib/python3.10/site-packages:${PYTHONPATH} /usr/bin/python3 -W ignore:setup.py install is deprecated -W ignore:easy_install command is deprecated setup.py egg_info --egg-base ../../build/gazebo_sim build --build-base /home/ronnigm/astar_ws/build/gazebo_sim/build install --record /home/ronnigm/astar_ws/build/gazebo_sim/install.log --single-version-externally-managed install_data
[1.325s] running egg_info
[1.325s] writing ../../build/gazebo_sim/gazebo_sim.egg-info/PKG-INFO
[1.325s] writing dependency_links to ../../build/gazebo_sim/gazebo_sim.egg-info/dependency_links.txt
[1.326s] writing entry points to ../../build/gazebo_sim/gazebo_sim.egg-info/entry_points.txt
[1.326s] writing requirements to ../../build/gazebo_sim/gazebo_sim.egg-info/requires.txt
[1.326s] writing top-level names to ../../build/gazebo_sim/gazebo_sim.egg-info/top_level.txt
[1.327s] reading manifest file '../../build/gazebo_sim/gazebo_sim.egg-info/SOURCES.txt'
[1.328s] writing manifest file '../../build/gazebo_sim/gazebo_sim.egg-info/SOURCES.txt'
[1.328s] running build
[1.328s] running build_py
[1.328s] running install
[1.328s] running install_lib
[1.329s] running install_data
[1.329s] running install_egg_info
[1.331s] removing '/home/ronnigm/astar_ws/install/gazebo_sim/lib/python3.10/site-packages/gazebo_sim-0.0.1-py3.10.egg-info' (and everything under it)
[1.331s] Copying ../../build/gazebo_sim/gazebo_sim.egg-info to /home/ronnigm/astar_ws/install/gazebo_sim/lib/python3.10/site-packages/gazebo_sim-0.0.1-py3.10.egg-info
[1.332s] running install_scripts
[1.347s] writing list of installed files to '/home/ronnigm/astar_ws/build/gazebo_sim/install.log'
[1.373s] Invoked command in '/home/ronnigm/astar_ws/src/gazebo_sim' returned '0': PYTHONPATH=/home/ronnigm/astar_ws/build/gazebo_sim/prefix_override:/usr/lib/python3/dist-packages/colcon_core/task/python/colcon_distutils_commands:/home/ronnigm/astar_ws/install/gazebo_sim/lib/python3.10/site-packages:${PYTHONPATH} /usr/bin/python3 -W ignore:setup.py install is deprecated -W ignore:easy_install command is deprecated setup.py egg_info --egg-base ../../build/gazebo_sim build --build-base /home/ronnigm/astar_ws/build/gazebo_sim/build install --record /home/ronnigm/astar_ws/build/gazebo_sim/install.log --single-version-externally-managed install_data
