[0.731s] Invoking command in '/home/ronnigm/astar_ws/src/robot_controller': PYTHONPATH=/home/ronnigm/astar_ws/build/robot_controller/prefix_override:/usr/lib/python3/dist-packages/colcon_core/task/python/colcon_distutils_commands:/home/ronnigm/astar_ws/install/robot_controller/lib/python3.10/site-packages:${PYTHONPATH} /usr/bin/python3 -W ignore:setup.py install is deprecated -W ignore:easy_install command is deprecated setup.py egg_info --egg-base ../../build/robot_controller build --build-base /home/ronnigm/astar_ws/build/robot_controller/build install --record /home/ronnigm/astar_ws/build/robot_controller/install.log --single-version-externally-managed install_data
[0.930s] running egg_info
[0.930s] writing ../../build/robot_controller/robot_controller.egg-info/PKG-INFO
[0.930s] writing dependency_links to ../../build/robot_controller/robot_controller.egg-info/dependency_links.txt
[0.931s] writing entry points to ../../build/robot_controller/robot_controller.egg-info/entry_points.txt
[0.931s] writing requirements to ../../build/robot_controller/robot_controller.egg-info/requires.txt
[0.931s] writing top-level names to ../../build/robot_controller/robot_controller.egg-info/top_level.txt
[0.932s] reading manifest file '../../build/robot_controller/robot_controller.egg-info/SOURCES.txt'
[0.933s] writing manifest file '../../build/robot_controller/robot_controller.egg-info/SOURCES.txt'
[0.933s] running build
[0.933s] running build_py
[0.933s] copying robot_controller/path_follower.py -> /home/ronnigm/astar_ws/build/robot_controller/build/lib/robot_controller
[0.933s] running install
[0.933s] running install_lib
[0.934s] copying /home/ronnigm/astar_ws/build/robot_controller/build/lib/robot_controller/path_follower.py -> /home/ronnigm/astar_ws/install/robot_controller/lib/python3.10/site-packages/robot_controller
[0.934s] byte-compiling /home/ronnigm/astar_ws/install/robot_controller/lib/python3.10/site-packages/robot_controller/path_follower.py to path_follower.cpython-310.pyc
[0.935s] running install_data
[0.935s] running install_egg_info
[0.937s] removing '/home/ronnigm/astar_ws/install/robot_controller/lib/python3.10/site-packages/robot_controller-0.0.0-py3.10.egg-info' (and everything under it)
[0.937s] Copying ../../build/robot_controller/robot_controller.egg-info to /home/ronnigm/astar_ws/install/robot_controller/lib/python3.10/site-packages/robot_controller-0.0.0-py3.10.egg-info
[0.938s] running install_scripts
[0.953s] Installing omni_kinematics script to /home/ronnigm/astar_ws/install/robot_controller/lib/robot_controller
[0.953s] Installing path_follower script to /home/ronnigm/astar_ws/install/robot_controller/lib/robot_controller
[0.953s] writing list of installed files to '/home/ronnigm/astar_ws/build/robot_controller/install.log'
[0.975s] Invoked command in '/home/ronnigm/astar_ws/src/robot_controller' returned '0': PYTHONPATH=/home/ronnigm/astar_ws/build/robot_controller/prefix_override:/usr/lib/python3/dist-packages/colcon_core/task/python/colcon_distutils_commands:/home/ronnigm/astar_ws/install/robot_controller/lib/python3.10/site-packages:${PYTHONPATH} /usr/bin/python3 -W ignore:setup.py install is deprecated -W ignore:easy_install command is deprecated setup.py egg_info --egg-base ../../build/robot_controller build --build-base /home/ronnigm/astar_ws/build/robot_controller/build install --record /home/ronnigm/astar_ws/build/robot_controller/install.log --single-version-externally-managed install_data
