[0.081s] DEBUG:colcon:Command line arguments: ['/usr/bin/colcon', 'build']
[0.082s] DEBUG:colcon:Parsed command line arguments: Namespace(log_base=None, log_level=None, verb_name='build', build_base='build', install_base='install', merge_install=False, symlink_install=False, test_result_base=None, continue_on_error=False, executor='parallel', parallel_workers=16, event_handlers=None, ignore_user_meta=False, metas=['./colcon.meta'], base_paths=['.'], packages_ignore=None, packages_ignore_regex=None, paths=None, packages_up_to=None, packages_up_to_regex=None, packages_above=None, packages_above_and_dependencies=None, packages_above_depth=None, packages_select_by_dep=None, packages_skip_by_dep=None, packages_skip_up_to=None, packages_select_build_failed=False, packages_skip_build_finished=False, packages_select_test_failures=False, packages_skip_test_passed=False, packages_select=None, packages_skip=None, packages_select_regex=None, packages_skip_regex=None, packages_start=None, packages_end=None, allow_overriding=[], cmake_args=None, cmake_target=None, cmake_target_skip_unavailable=False, cmake_clean_cache=False, cmake_clean_first=False, cmake_force_configure=False, ament_cmake_args=None, catkin_cmake_args=None, catkin_skip_building_tests=False, mixin_files=None, mixin=None, verb_parser=<colcon_mixin.mixin.mixin_argument.MixinArgumentDecorator object at 0x7954d0d64af0>, verb_extension=<colcon_core.verb.build.BuildVerb object at 0x7954d0e9dae0>, main=<bound method BuildVerb.main of <colcon_core.verb.build.BuildVerb object at 0x7954d0e9dae0>>, mixin_verb=('build',))
[0.219s] Level 1:colcon.colcon_core.package_discovery:discover_packages(colcon_meta) check parameters
[0.219s] Level 1:colcon.colcon_core.package_discovery:discover_packages(recursive) check parameters
[0.219s] Level 1:colcon.colcon_core.package_discovery:discover_packages(ignore) check parameters
[0.219s] Level 1:colcon.colcon_core.package_discovery:discover_packages(path) check parameters
[0.219s] Level 1:colcon.colcon_core.package_discovery:discover_packages(colcon_meta) discover
[0.219s] Level 1:colcon.colcon_core.package_discovery:discover_packages(recursive) discover
[0.219s] INFO:colcon.colcon_core.package_discovery:Crawling recursively for packages in '/home/ronnigm/astar_ws'
[0.219s] Level 1:colcon.colcon_core.package_identification:_identify(.) by extensions ['ignore', 'ignore_ament_install']
[0.219s] Level 1:colcon.colcon_core.package_identification:_identify(.) by extension 'ignore'
[0.219s] Level 1:colcon.colcon_core.package_identification:_identify(.) by extension 'ignore_ament_install'
[0.219s] Level 1:colcon.colcon_core.package_identification:_identify(.) by extensions ['colcon_pkg']
[0.219s] Level 1:colcon.colcon_core.package_identification:_identify(.) by extension 'colcon_pkg'
[0.219s] Level 1:colcon.colcon_core.package_identification:_identify(.) by extensions ['colcon_meta']
[0.219s] Level 1:colcon.colcon_core.package_identification:_identify(.) by extension 'colcon_meta'
[0.219s] Level 1:colcon.colcon_core.package_identification:_identify(.) by extensions ['ros']
[0.219s] Level 1:colcon.colcon_core.package_identification:_identify(.) by extension 'ros'
[0.227s] Level 1:colcon.colcon_core.package_identification:_identify(.) by extensions ['cmake', 'python']
[0.227s] Level 1:colcon.colcon_core.package_identification:_identify(.) by extension 'cmake'
[0.227s] Level 1:colcon.colcon_core.package_identification:_identify(.) by extension 'python'
[0.227s] Level 1:colcon.colcon_core.package_identification:_identify(.) by extensions ['python_setup_py']
[0.227s] Level 1:colcon.colcon_core.package_identification:_identify(.) by extension 'python_setup_py'
[0.227s] Level 1:colcon.colcon_core.package_identification:_identify(build) by extensions ['ignore', 'ignore_ament_install']
[0.227s] Level 1:colcon.colcon_core.package_identification:_identify(build) by extension 'ignore'
[0.227s] Level 1:colcon.colcon_core.package_identification:_identify(build) ignored
[0.227s] Level 1:colcon.colcon_core.package_identification:_identify(install) by extensions ['ignore', 'ignore_ament_install']
[0.227s] Level 1:colcon.colcon_core.package_identification:_identify(install) by extension 'ignore'
[0.227s] Level 1:colcon.colcon_core.package_identification:_identify(install) ignored
[0.227s] Level 1:colcon.colcon_core.package_identification:_identify(log) by extensions ['ignore', 'ignore_ament_install']
[0.227s] Level 1:colcon.colcon_core.package_identification:_identify(log) by extension 'ignore'
[0.227s] Level 1:colcon.colcon_core.package_identification:_identify(log) ignored
[0.227s] Level 1:colcon.colcon_core.package_identification:_identify(src) by extensions ['ignore', 'ignore_ament_install']
[0.228s] Level 1:colcon.colcon_core.package_identification:_identify(src) by extension 'ignore'
[0.228s] Level 1:colcon.colcon_core.package_identification:_identify(src) by extension 'ignore_ament_install'
[0.228s] Level 1:colcon.colcon_core.package_identification:_identify(src) by extensions ['colcon_pkg']
[0.228s] Level 1:colcon.colcon_core.package_identification:_identify(src) by extension 'colcon_pkg'
[0.228s] Level 1:colcon.colcon_core.package_identification:_identify(src) by extensions ['colcon_meta']
[0.228s] Level 1:colcon.colcon_core.package_identification:_identify(src) by extension 'colcon_meta'
[0.228s] Level 1:colcon.colcon_core.package_identification:_identify(src) by extensions ['ros']
[0.228s] Level 1:colcon.colcon_core.package_identification:_identify(src) by extension 'ros'
[0.228s] Level 1:colcon.colcon_core.package_identification:_identify(src) by extensions ['cmake', 'python']
[0.228s] Level 1:colcon.colcon_core.package_identification:_identify(src) by extension 'cmake'
[0.228s] Level 1:colcon.colcon_core.package_identification:_identify(src) by extension 'python'
[0.228s] Level 1:colcon.colcon_core.package_identification:_identify(src) by extensions ['python_setup_py']
[0.228s] Level 1:colcon.colcon_core.package_identification:_identify(src) by extension 'python_setup_py'
[0.228s] Level 1:colcon.colcon_core.package_identification:_identify(src/astar_planner) by extensions ['ignore', 'ignore_ament_install']
[0.228s] Level 1:colcon.colcon_core.package_identification:_identify(src/astar_planner) by extension 'ignore'
[0.228s] Level 1:colcon.colcon_core.package_identification:_identify(src/astar_planner) by extension 'ignore_ament_install'
[0.228s] Level 1:colcon.colcon_core.package_identification:_identify(src/astar_planner) by extensions ['colcon_pkg']
[0.228s] Level 1:colcon.colcon_core.package_identification:_identify(src/astar_planner) by extension 'colcon_pkg'
[0.228s] Level 1:colcon.colcon_core.package_identification:_identify(src/astar_planner) by extensions ['colcon_meta']
[0.228s] Level 1:colcon.colcon_core.package_identification:_identify(src/astar_planner) by extension 'colcon_meta'
[0.228s] Level 1:colcon.colcon_core.package_identification:_identify(src/astar_planner) by extensions ['ros']
[0.228s] Level 1:colcon.colcon_core.package_identification:_identify(src/astar_planner) by extension 'ros'
[0.230s] DEBUG:colcon.colcon_core.package_identification:Package 'src/astar_planner' with type 'ros.ament_python' and name 'astar_planner'
[0.231s] Level 1:colcon.colcon_core.package_identification:_identify(src/gazebo_sim) by extensions ['ignore', 'ignore_ament_install']
[0.231s] Level 1:colcon.colcon_core.package_identification:_identify(src/gazebo_sim) by extension 'ignore'
[0.231s] Level 1:colcon.colcon_core.package_identification:_identify(src/gazebo_sim) by extension 'ignore_ament_install'
[0.231s] Level 1:colcon.colcon_core.package_identification:_identify(src/gazebo_sim) by extensions ['colcon_pkg']
[0.231s] Level 1:colcon.colcon_core.package_identification:_identify(src/gazebo_sim) by extension 'colcon_pkg'
[0.231s] Level 1:colcon.colcon_core.package_identification:_identify(src/gazebo_sim) by extensions ['colcon_meta']
[0.231s] Level 1:colcon.colcon_core.package_identification:_identify(src/gazebo_sim) by extension 'colcon_meta'
[0.231s] Level 1:colcon.colcon_core.package_identification:_identify(src/gazebo_sim) by extensions ['ros']
[0.231s] Level 1:colcon.colcon_core.package_identification:_identify(src/gazebo_sim) by extension 'ros'
[0.231s] DEBUG:colcon.colcon_core.package_identification:Package 'src/gazebo_sim' with type 'ros.ament_python' and name 'gazebo_sim'
[0.231s] Level 1:colcon.colcon_core.package_identification:_identify(src/robot_controller) by extensions ['ignore', 'ignore_ament_install']
[0.231s] Level 1:colcon.colcon_core.package_identification:_identify(src/robot_controller) by extension 'ignore'
[0.231s] Level 1:colcon.colcon_core.package_identification:_identify(src/robot_controller) by extension 'ignore_ament_install'
[0.231s] Level 1:colcon.colcon_core.package_identification:_identify(src/robot_controller) by extensions ['colcon_pkg']
[0.231s] Level 1:colcon.colcon_core.package_identification:_identify(src/robot_controller) by extension 'colcon_pkg'
[0.231s] Level 1:colcon.colcon_core.package_identification:_identify(src/robot_controller) by extensions ['colcon_meta']
[0.232s] Level 1:colcon.colcon_core.package_identification:_identify(src/robot_controller) by extension 'colcon_meta'
[0.232s] Level 1:colcon.colcon_core.package_identification:_identify(src/robot_controller) by extensions ['ros']
[0.232s] Level 1:colcon.colcon_core.package_identification:_identify(src/robot_controller) by extension 'ros'
[0.232s] DEBUG:colcon.colcon_core.package_identification:Package 'src/robot_controller' with type 'ros.ament_python' and name 'robot_controller'
[0.232s] Level 1:colcon.colcon_core.package_identification:_identify(src/robot_description) by extensions ['ignore', 'ignore_ament_install']
[0.232s] Level 1:colcon.colcon_core.package_identification:_identify(src/robot_description) by extension 'ignore'
[0.232s] Level 1:colcon.colcon_core.package_identification:_identify(src/robot_description) by extension 'ignore_ament_install'
[0.232s] Level 1:colcon.colcon_core.package_identification:_identify(src/robot_description) by extensions ['colcon_pkg']
[0.232s] Level 1:colcon.colcon_core.package_identification:_identify(src/robot_description) by extension 'colcon_pkg'
[0.232s] Level 1:colcon.colcon_core.package_identification:_identify(src/robot_description) by extensions ['colcon_meta']
[0.232s] Level 1:colcon.colcon_core.package_identification:_identify(src/robot_description) by extension 'colcon_meta'
[0.232s] Level 1:colcon.colcon_core.package_identification:_identify(src/robot_description) by extensions ['ros']
[0.232s] Level 1:colcon.colcon_core.package_identification:_identify(src/robot_description) by extension 'ros'
[0.233s] DEBUG:colcon.colcon_core.package_identification:Package 'src/robot_description' with type 'ros.ament_python' and name 'robot_description'
[0.233s] Level 1:colcon.colcon_core.package_identification:_identify(tools) by extensions ['ignore', 'ignore_ament_install']
[0.233s] Level 1:colcon.colcon_core.package_identification:_identify(tools) by extension 'ignore'
[0.233s] Level 1:colcon.colcon_core.package_identification:_identify(tools) by extension 'ignore_ament_install'
[0.233s] Level 1:colcon.colcon_core.package_identification:_identify(tools) by extensions ['colcon_pkg']
[0.233s] Level 1:colcon.colcon_core.package_identification:_identify(tools) by extension 'colcon_pkg'
[0.233s] Level 1:colcon.colcon_core.package_identification:_identify(tools) by extensions ['colcon_meta']
[0.233s] Level 1:colcon.colcon_core.package_identification:_identify(tools) by extension 'colcon_meta'
[0.233s] Level 1:colcon.colcon_core.package_identification:_identify(tools) by extensions ['ros']
[0.233s] Level 1:colcon.colcon_core.package_identification:_identify(tools) by extension 'ros'
[0.233s] Level 1:colcon.colcon_core.package_identification:_identify(tools) by extensions ['cmake', 'python']
[0.233s] Level 1:colcon.colcon_core.package_identification:_identify(tools) by extension 'cmake'
[0.233s] Level 1:colcon.colcon_core.package_identification:_identify(tools) by extension 'python'
[0.233s] Level 1:colcon.colcon_core.package_identification:_identify(tools) by extensions ['python_setup_py']
[0.233s] Level 1:colcon.colcon_core.package_identification:_identify(tools) by extension 'python_setup_py'
[0.233s] Level 1:colcon.colcon_core.package_discovery:discover_packages(recursive) using defaults
[0.233s] Level 1:colcon.colcon_core.package_discovery:discover_packages(ignore) discover
[0.233s] Level 1:colcon.colcon_core.package_discovery:discover_packages(ignore) using defaults
[0.233s] Level 1:colcon.colcon_core.package_discovery:discover_packages(path) discover
[0.233s] Level 1:colcon.colcon_core.package_discovery:discover_packages(path) using defaults
[0.259s] Level 1:colcon.colcon_core.package_discovery:discover_packages(prefix_path) check parameters
[0.259s] Level 1:colcon.colcon_core.package_discovery:discover_packages(prefix_path) discover
[0.260s] DEBUG:colcon.colcon_installed_package_information.package_discovery:Found 4 installed packages in /home/ronnigm/astar_ws/install
[0.261s] DEBUG:colcon.colcon_installed_package_information.package_discovery:Found 4 installed packages in /home/ronnigm/robot_ws/install
[0.261s] DEBUG:colcon.colcon_installed_package_information.package_discovery:Found 1 installed packages in /home/ronnigm/robot/install
[0.261s] DEBUG:colcon.colcon_installed_package_information.package_discovery:Found 1 installed packages in /home/ronnigm/nexus/install
[0.261s] DEBUG:colcon.colcon_installed_package_information.package_discovery:Found 1 installed packages in /home/ronnigm/ros2_ws/install
[0.263s] DEBUG:colcon.colcon_installed_package_information.package_discovery:Found 388 installed packages in /opt/ros/humble
[0.264s] Level 1:colcon.colcon_core.package_discovery:discover_packages(prefix_path) using defaults
[0.299s] Level 5:colcon.colcon_core.verb:set package 'astar_planner' build argument 'cmake_args' from command line to 'None'
[0.299s] Level 5:colcon.colcon_core.verb:set package 'astar_planner' build argument 'cmake_target' from command line to 'None'
[0.299s] Level 5:colcon.colcon_core.verb:set package 'astar_planner' build argument 'cmake_target_skip_unavailable' from command line to 'False'
[0.299s] Level 5:colcon.colcon_core.verb:set package 'astar_planner' build argument 'cmake_clean_cache' from command line to 'False'
[0.299s] Level 5:colcon.colcon_core.verb:set package 'astar_planner' build argument 'cmake_clean_first' from command line to 'False'
[0.299s] Level 5:colcon.colcon_core.verb:set package 'astar_planner' build argument 'cmake_force_configure' from command line to 'False'
[0.299s] Level 5:colcon.colcon_core.verb:set package 'astar_planner' build argument 'ament_cmake_args' from command line to 'None'
[0.299s] Level 5:colcon.colcon_core.verb:set package 'astar_planner' build argument 'catkin_cmake_args' from command line to 'None'
[0.299s] Level 5:colcon.colcon_core.verb:set package 'astar_planner' build argument 'catkin_skip_building_tests' from command line to 'False'
[0.299s] DEBUG:colcon.colcon_core.verb:Building package 'astar_planner' with the following arguments: {'ament_cmake_args': None, 'build_base': '/home/ronnigm/astar_ws/build/astar_planner', 'catkin_cmake_args': None, 'catkin_skip_building_tests': False, 'cmake_args': None, 'cmake_clean_cache': False, 'cmake_clean_first': False, 'cmake_force_configure': False, 'cmake_target': None, 'cmake_target_skip_unavailable': False, 'install_base': '/home/ronnigm/astar_ws/install/astar_planner', 'merge_install': False, 'path': '/home/ronnigm/astar_ws/src/astar_planner', 'symlink_install': False, 'test_result_base': None}
[0.299s] Level 5:colcon.colcon_core.verb:set package 'gazebo_sim' build argument 'cmake_args' from command line to 'None'
[0.299s] Level 5:colcon.colcon_core.verb:set package 'gazebo_sim' build argument 'cmake_target' from command line to 'None'
[0.299s] Level 5:colcon.colcon_core.verb:set package 'gazebo_sim' build argument 'cmake_target_skip_unavailable' from command line to 'False'
[0.300s] Level 5:colcon.colcon_core.verb:set package 'gazebo_sim' build argument 'cmake_clean_cache' from command line to 'False'
[0.300s] Level 5:colcon.colcon_core.verb:set package 'gazebo_sim' build argument 'cmake_clean_first' from command line to 'False'
[0.300s] Level 5:colcon.colcon_core.verb:set package 'gazebo_sim' build argument 'cmake_force_configure' from command line to 'False'
[0.300s] Level 5:colcon.colcon_core.verb:set package 'gazebo_sim' build argument 'ament_cmake_args' from command line to 'None'
[0.300s] Level 5:colcon.colcon_core.verb:set package 'gazebo_sim' build argument 'catkin_cmake_args' from command line to 'None'
[0.300s] Level 5:colcon.colcon_core.verb:set package 'gazebo_sim' build argument 'catkin_skip_building_tests' from command line to 'False'
[0.300s] DEBUG:colcon.colcon_core.verb:Building package 'gazebo_sim' with the following arguments: {'ament_cmake_args': None, 'build_base': '/home/ronnigm/astar_ws/build/gazebo_sim', 'catkin_cmake_args': None, 'catkin_skip_building_tests': False, 'cmake_args': None, 'cmake_clean_cache': False, 'cmake_clean_first': False, 'cmake_force_configure': False, 'cmake_target': None, 'cmake_target_skip_unavailable': False, 'install_base': '/home/ronnigm/astar_ws/install/gazebo_sim', 'merge_install': False, 'path': '/home/ronnigm/astar_ws/src/gazebo_sim', 'symlink_install': False, 'test_result_base': None}
[0.300s] Level 5:colcon.colcon_core.verb:set package 'robot_controller' build argument 'cmake_args' from command line to 'None'
[0.300s] Level 5:colcon.colcon_core.verb:set package 'robot_controller' build argument 'cmake_target' from command line to 'None'
[0.300s] Level 5:colcon.colcon_core.verb:set package 'robot_controller' build argument 'cmake_target_skip_unavailable' from command line to 'False'
[0.300s] Level 5:colcon.colcon_core.verb:set package 'robot_controller' build argument 'cmake_clean_cache' from command line to 'False'
[0.300s] Level 5:colcon.colcon_core.verb:set package 'robot_controller' build argument 'cmake_clean_first' from command line to 'False'
[0.300s] Level 5:colcon.colcon_core.verb:set package 'robot_controller' build argument 'cmake_force_configure' from command line to 'False'
[0.300s] Level 5:colcon.colcon_core.verb:set package 'robot_controller' build argument 'ament_cmake_args' from command line to 'None'
[0.300s] Level 5:colcon.colcon_core.verb:set package 'robot_controller' build argument 'catkin_cmake_args' from command line to 'None'
[0.300s] Level 5:colcon.colcon_core.verb:set package 'robot_controller' build argument 'catkin_skip_building_tests' from command line to 'False'
[0.300s] DEBUG:colcon.colcon_core.verb:Building package 'robot_controller' with the following arguments: {'ament_cmake_args': None, 'build_base': '/home/ronnigm/astar_ws/build/robot_controller', 'catkin_cmake_args': None, 'catkin_skip_building_tests': False, 'cmake_args': None, 'cmake_clean_cache': False, 'cmake_clean_first': False, 'cmake_force_configure': False, 'cmake_target': None, 'cmake_target_skip_unavailable': False, 'install_base': '/home/ronnigm/astar_ws/install/robot_controller', 'merge_install': False, 'path': '/home/ronnigm/astar_ws/src/robot_controller', 'symlink_install': False, 'test_result_base': None}
[0.300s] Level 5:colcon.colcon_core.verb:set package 'robot_description' build argument 'cmake_args' from command line to 'None'
[0.300s] Level 5:colcon.colcon_core.verb:set package 'robot_description' build argument 'cmake_target' from command line to 'None'
[0.300s] Level 5:colcon.colcon_core.verb:set package 'robot_description' build argument 'cmake_target_skip_unavailable' from command line to 'False'
[0.300s] Level 5:colcon.colcon_core.verb:set package 'robot_description' build argument 'cmake_clean_cache' from command line to 'False'
[0.300s] Level 5:colcon.colcon_core.verb:set package 'robot_description' build argument 'cmake_clean_first' from command line to 'False'
[0.300s] Level 5:colcon.colcon_core.verb:set package 'robot_description' build argument 'cmake_force_configure' from command line to 'False'
[0.300s] Level 5:colcon.colcon_core.verb:set package 'robot_description' build argument 'ament_cmake_args' from command line to 'None'
[0.300s] Level 5:colcon.colcon_core.verb:set package 'robot_description' build argument 'catkin_cmake_args' from command line to 'None'
[0.300s] Level 5:colcon.colcon_core.verb:set package 'robot_description' build argument 'catkin_skip_building_tests' from command line to 'False'
[0.300s] DEBUG:colcon.colcon_core.verb:Building package 'robot_description' with the following arguments: {'ament_cmake_args': None, 'build_base': '/home/ronnigm/astar_ws/build/robot_description', 'catkin_cmake_args': None, 'catkin_skip_building_tests': False, 'cmake_args': None, 'cmake_clean_cache': False, 'cmake_clean_first': False, 'cmake_force_configure': False, 'cmake_target': None, 'cmake_target_skip_unavailable': False, 'install_base': '/home/ronnigm/astar_ws/install/robot_description', 'merge_install': False, 'path': '/home/ronnigm/astar_ws/src/robot_description', 'symlink_install': False, 'test_result_base': None}
[0.301s] INFO:colcon.colcon_core.executor:Executing jobs using 'parallel' executor
[0.301s] DEBUG:colcon.colcon_parallel_executor.executor.parallel:run_until_complete
[0.302s] INFO:colcon.colcon_ros.task.ament_python.build:Building ROS package in '/home/ronnigm/astar_ws/src/astar_planner' with build type 'ament_python'
[0.302s] Level 1:colcon.colcon_core.shell:create_environment_hook('astar_planner', 'ament_prefix_path')
[0.304s] INFO:colcon.colcon_core.plugin_system:Skipping extension 'colcon_core.shell.bat': Not used on non-Windows systems
[0.304s] INFO:colcon.colcon_core.shell:Creating environment hook '/home/ronnigm/astar_ws/install/astar_planner/share/astar_planner/hook/ament_prefix_path.ps1'
[0.304s] INFO:colcon.colcon_core.shell:Creating environment descriptor '/home/ronnigm/astar_ws/install/astar_planner/share/astar_planner/hook/ament_prefix_path.dsv'
[0.305s] INFO:colcon.colcon_core.shell:Creating environment hook '/home/ronnigm/astar_ws/install/astar_planner/share/astar_planner/hook/ament_prefix_path.sh'
[0.305s] INFO:colcon.colcon_core.shell:Skip shell extension 'powershell' for command environment: Not usable outside of PowerShell
[0.305s] DEBUG:colcon.colcon_core.shell:Skip shell extension 'dsv' for command environment
[0.309s] INFO:colcon.colcon_ros.task.ament_python.build:Building ROS package in '/home/ronnigm/astar_ws/src/gazebo_sim' with build type 'ament_python'
[0.309s] Level 1:colcon.colcon_core.shell:create_environment_hook('gazebo_sim', 'ament_prefix_path')
[0.310s] INFO:colcon.colcon_core.shell:Creating environment hook '/home/ronnigm/astar_ws/install/gazebo_sim/share/gazebo_sim/hook/ament_prefix_path.ps1'
[0.310s] INFO:colcon.colcon_core.shell:Creating environment descriptor '/home/ronnigm/astar_ws/install/gazebo_sim/share/gazebo_sim/hook/ament_prefix_path.dsv'
[0.310s] INFO:colcon.colcon_core.shell:Creating environment hook '/home/ronnigm/astar_ws/install/gazebo_sim/share/gazebo_sim/hook/ament_prefix_path.sh'
[0.311s] INFO:colcon.colcon_core.shell:Skip shell extension 'powershell' for command environment: Not usable outside of PowerShell
[0.311s] DEBUG:colcon.colcon_core.shell:Skip shell extension 'dsv' for command environment
[0.314s] INFO:colcon.colcon_ros.task.ament_python.build:Building ROS package in '/home/ronnigm/astar_ws/src/robot_controller' with build type 'ament_python'
[0.314s] Level 1:colcon.colcon_core.shell:create_environment_hook('robot_controller', 'ament_prefix_path')
[0.314s] INFO:colcon.colcon_core.shell:Creating environment hook '/home/ronnigm/astar_ws/install/robot_controller/share/robot_controller/hook/ament_prefix_path.ps1'
[0.315s] INFO:colcon.colcon_core.shell:Creating environment descriptor '/home/ronnigm/astar_ws/install/robot_controller/share/robot_controller/hook/ament_prefix_path.dsv'
[0.315s] INFO:colcon.colcon_core.shell:Creating environment hook '/home/ronnigm/astar_ws/install/robot_controller/share/robot_controller/hook/ament_prefix_path.sh'
[0.315s] INFO:colcon.colcon_core.shell:Skip shell extension 'powershell' for command environment: Not usable outside of PowerShell
[0.315s] DEBUG:colcon.colcon_core.shell:Skip shell extension 'dsv' for command environment
[0.319s] INFO:colcon.colcon_ros.task.ament_python.build:Building ROS package in '/home/ronnigm/astar_ws/src/robot_description' with build type 'ament_python'
[0.319s] Level 1:colcon.colcon_core.shell:create_environment_hook('robot_description', 'ament_prefix_path')
[0.319s] INFO:colcon.colcon_core.shell:Creating environment hook '/home/ronnigm/astar_ws/install/robot_description/share/robot_description/hook/ament_prefix_path.ps1'
[0.320s] INFO:colcon.colcon_core.shell:Creating environment descriptor '/home/ronnigm/astar_ws/install/robot_description/share/robot_description/hook/ament_prefix_path.dsv'
[0.320s] INFO:colcon.colcon_core.shell:Creating environment hook '/home/ronnigm/astar_ws/install/robot_description/share/robot_description/hook/ament_prefix_path.sh'
[0.320s] INFO:colcon.colcon_core.shell:Skip shell extension 'powershell' for command environment: Not usable outside of PowerShell
[0.320s] DEBUG:colcon.colcon_core.shell:Skip shell extension 'dsv' for command environment
[0.532s] INFO:colcon.colcon_core.task.python.build:Building Python package in '/home/ronnigm/astar_ws/src/astar_planner'
[0.533s] INFO:colcon.colcon_core.shell:Skip shell extension 'powershell' for command environment: Not usable outside of PowerShell
[0.533s] DEBUG:colcon.colcon_core.shell:Skip shell extension 'dsv' for command environment
[0.751s] INFO:colcon.colcon_core.task.python.build:Building Python package in '/home/ronnigm/astar_ws/src/gazebo_sim'
[0.751s] INFO:colcon.colcon_core.shell:Skip shell extension 'powershell' for command environment: Not usable outside of PowerShell
[0.751s] DEBUG:colcon.colcon_core.shell:Skip shell extension 'dsv' for command environment
[0.969s] INFO:colcon.colcon_core.task.python.build:Building Python package in '/home/ronnigm/astar_ws/src/robot_controller'
[0.970s] INFO:colcon.colcon_core.shell:Skip shell extension 'powershell' for command environment: Not usable outside of PowerShell
[0.970s] DEBUG:colcon.colcon_core.shell:Skip shell extension 'dsv' for command environment
[1.186s] INFO:colcon.colcon_core.task.python.build:Building Python package in '/home/ronnigm/astar_ws/src/robot_description'
[1.186s] INFO:colcon.colcon_core.shell:Skip shell extension 'powershell' for command environment: Not usable outside of PowerShell
[1.186s] DEBUG:colcon.colcon_core.shell:Skip shell extension 'dsv' for command environment
[1.493s] DEBUG:colcon.colcon_core.event_handler.log_command:Invoking command in '/home/ronnigm/astar_ws/src/gazebo_sim': PYTHONPATH=/home/ronnigm/astar_ws/build/gazebo_sim/prefix_override:/usr/lib/python3/dist-packages/colcon_core/task/python/colcon_distutils_commands:/home/ronnigm/astar_ws/install/gazebo_sim/lib/python3.10/site-packages:${PYTHONPATH} /usr/bin/python3 -W ignore:setup.py install is deprecated -W ignore:easy_install command is deprecated setup.py egg_info --egg-base ../../build/gazebo_sim build --build-base /home/ronnigm/astar_ws/build/gazebo_sim/build install --record /home/ronnigm/astar_ws/build/gazebo_sim/install.log --single-version-externally-managed install_data
[1.496s] DEBUG:colcon.colcon_core.event_handler.log_command:Invoking command in '/home/ronnigm/astar_ws/src/robot_controller': PYTHONPATH=/home/ronnigm/astar_ws/build/robot_controller/prefix_override:/usr/lib/python3/dist-packages/colcon_core/task/python/colcon_distutils_commands:/home/ronnigm/astar_ws/install/robot_controller/lib/python3.10/site-packages:${PYTHONPATH} /usr/bin/python3 -W ignore:setup.py install is deprecated -W ignore:easy_install command is deprecated setup.py egg_info --egg-base ../../build/robot_controller build --build-base /home/ronnigm/astar_ws/build/robot_controller/build install --record /home/ronnigm/astar_ws/build/robot_controller/install.log --single-version-externally-managed install_data
[1.504s] DEBUG:colcon.colcon_core.event_handler.log_command:Invoking command in '/home/ronnigm/astar_ws/src/astar_planner': PYTHONPATH=/home/ronnigm/astar_ws/build/astar_planner/prefix_override:/usr/lib/python3/dist-packages/colcon_core/task/python/colcon_distutils_commands:/home/ronnigm/astar_ws/install/astar_planner/lib/python3.10/site-packages:${PYTHONPATH} /usr/bin/python3 -W ignore:setup.py install is deprecated -W ignore:easy_install command is deprecated setup.py egg_info --egg-base ../../build/astar_planner build --build-base /home/ronnigm/astar_ws/build/astar_planner/build install --record /home/ronnigm/astar_ws/build/astar_planner/install.log --single-version-externally-managed install_data
[1.506s] DEBUG:colcon.colcon_core.event_handler.log_command:Invoking command in '/home/ronnigm/astar_ws/src/robot_description': PYTHONPATH=/home/ronnigm/astar_ws/build/robot_description/prefix_override:/usr/lib/python3/dist-packages/colcon_core/task/python/colcon_distutils_commands:/home/ronnigm/astar_ws/install/robot_description/lib/python3.10/site-packages:${PYTHONPATH} /usr/bin/python3 -W ignore:setup.py install is deprecated -W ignore:easy_install command is deprecated setup.py egg_info --egg-base ../../build/robot_description build --build-base /home/ronnigm/astar_ws/build/robot_description/build install --record /home/ronnigm/astar_ws/build/robot_description/install.log --single-version-externally-managed install_data
[1.741s] DEBUG:colcon.colcon_core.event_handler.log_command:Invoked command in '/home/ronnigm/astar_ws/src/gazebo_sim' returned '0': PYTHONPATH=/home/ronnigm/astar_ws/build/gazebo_sim/prefix_override:/usr/lib/python3/dist-packages/colcon_core/task/python/colcon_distutils_commands:/home/ronnigm/astar_ws/install/gazebo_sim/lib/python3.10/site-packages:${PYTHONPATH} /usr/bin/python3 -W ignore:setup.py install is deprecated -W ignore:easy_install command is deprecated setup.py egg_info --egg-base ../../build/gazebo_sim build --build-base /home/ronnigm/astar_ws/build/gazebo_sim/build install --record /home/ronnigm/astar_ws/build/gazebo_sim/install.log --single-version-externally-managed install_data
[1.743s] Level 1:colcon.colcon_core.environment:checking '/home/ronnigm/astar_ws/install/gazebo_sim' for CMake module files
[1.743s] Level 1:colcon.colcon_core.environment:checking '/home/ronnigm/astar_ws/install/gazebo_sim' for CMake config files
[1.744s] Level 1:colcon.colcon_core.environment:checking '/home/ronnigm/astar_ws/install/gazebo_sim/lib'
[1.744s] Level 1:colcon.colcon_core.environment:checking '/home/ronnigm/astar_ws/install/gazebo_sim/bin'
[1.744s] Level 1:colcon.colcon_core.environment:checking '/home/ronnigm/astar_ws/install/gazebo_sim/lib/pkgconfig/gazebo_sim.pc'
[1.744s] Level 1:colcon.colcon_core.environment:checking '/home/ronnigm/astar_ws/install/gazebo_sim/lib/python3.10/site-packages'
[1.744s] Level 1:colcon.colcon_core.shell:create_environment_hook('gazebo_sim', 'pythonpath')
[1.744s] INFO:colcon.colcon_core.shell:Creating environment hook '/home/ronnigm/astar_ws/install/gazebo_sim/share/gazebo_sim/hook/pythonpath.ps1'
[1.745s] INFO:colcon.colcon_core.shell:Creating environment descriptor '/home/ronnigm/astar_ws/install/gazebo_sim/share/gazebo_sim/hook/pythonpath.dsv'
[1.745s] INFO:colcon.colcon_core.shell:Creating environment hook '/home/ronnigm/astar_ws/install/gazebo_sim/share/gazebo_sim/hook/pythonpath.sh'
[1.746s] Level 1:colcon.colcon_core.environment:checking '/home/ronnigm/astar_ws/install/gazebo_sim/bin'
[1.746s] Level 1:colcon.colcon_core.environment:create_environment_scripts_only(gazebo_sim)
[1.746s] INFO:colcon.colcon_core.shell:Creating package script '/home/ronnigm/astar_ws/install/gazebo_sim/share/gazebo_sim/package.ps1'
[1.747s] INFO:colcon.colcon_core.shell:Creating package descriptor '/home/ronnigm/astar_ws/install/gazebo_sim/share/gazebo_sim/package.dsv'
[1.747s] INFO:colcon.colcon_core.shell:Creating package script '/home/ronnigm/astar_ws/install/gazebo_sim/share/gazebo_sim/package.sh'
[1.748s] INFO:colcon.colcon_core.shell:Creating package script '/home/ronnigm/astar_ws/install/gazebo_sim/share/gazebo_sim/package.bash'
[1.748s] INFO:colcon.colcon_core.shell:Creating package script '/home/ronnigm/astar_ws/install/gazebo_sim/share/gazebo_sim/package.zsh'
[1.749s] Level 1:colcon.colcon_core.environment:create_file_with_runtime_dependencies(/home/ronnigm/astar_ws/install/gazebo_sim/share/colcon-core/packages/gazebo_sim)
[1.753s] Level 1:colcon.colcon_core.environment:checking '/home/ronnigm/astar_ws/install/robot_controller' for CMake module files
[1.754s] DEBUG:colcon.colcon_core.event_handler.log_command:Invoked command in '/home/ronnigm/astar_ws/src/robot_controller' returned '0': PYTHONPATH=/home/ronnigm/astar_ws/build/robot_controller/prefix_override:/usr/lib/python3/dist-packages/colcon_core/task/python/colcon_distutils_commands:/home/ronnigm/astar_ws/install/robot_controller/lib/python3.10/site-packages:${PYTHONPATH} /usr/bin/python3 -W ignore:setup.py install is deprecated -W ignore:easy_install command is deprecated setup.py egg_info --egg-base ../../build/robot_controller build --build-base /home/ronnigm/astar_ws/build/robot_controller/build install --record /home/ronnigm/astar_ws/build/robot_controller/install.log --single-version-externally-managed install_data
[1.754s] Level 1:colcon.colcon_core.environment:checking '/home/ronnigm/astar_ws/install/robot_controller' for CMake config files
[1.754s] Level 1:colcon.colcon_core.environment:checking '/home/ronnigm/astar_ws/install/robot_controller/lib'
[1.755s] Level 1:colcon.colcon_core.environment:checking '/home/ronnigm/astar_ws/install/robot_controller/bin'
[1.755s] Level 1:colcon.colcon_core.environment:checking '/home/ronnigm/astar_ws/install/robot_controller/lib/pkgconfig/robot_controller.pc'
[1.755s] Level 1:colcon.colcon_core.environment:checking '/home/ronnigm/astar_ws/install/robot_controller/lib/python3.10/site-packages'
[1.755s] Level 1:colcon.colcon_core.shell:create_environment_hook('robot_controller', 'pythonpath')
[1.755s] INFO:colcon.colcon_core.shell:Creating environment hook '/home/ronnigm/astar_ws/install/robot_controller/share/robot_controller/hook/pythonpath.ps1'
[1.756s] INFO:colcon.colcon_core.shell:Creating environment descriptor '/home/ronnigm/astar_ws/install/robot_controller/share/robot_controller/hook/pythonpath.dsv'
[1.756s] INFO:colcon.colcon_core.shell:Creating environment hook '/home/ronnigm/astar_ws/install/robot_controller/share/robot_controller/hook/pythonpath.sh'
[1.756s] Level 1:colcon.colcon_core.environment:checking '/home/ronnigm/astar_ws/install/robot_controller/bin'
[1.756s] Level 1:colcon.colcon_core.environment:create_environment_scripts_only(robot_controller)
[1.757s] INFO:colcon.colcon_core.shell:Creating package script '/home/ronnigm/astar_ws/install/robot_controller/share/robot_controller/package.ps1'
[1.757s] INFO:colcon.colcon_core.shell:Creating package descriptor '/home/ronnigm/astar_ws/install/robot_controller/share/robot_controller/package.dsv'
[1.758s] INFO:colcon.colcon_core.shell:Creating package script '/home/ronnigm/astar_ws/install/robot_controller/share/robot_controller/package.sh'
[1.758s] INFO:colcon.colcon_core.shell:Creating package script '/home/ronnigm/astar_ws/install/robot_controller/share/robot_controller/package.bash'
[1.759s] INFO:colcon.colcon_core.shell:Creating package script '/home/ronnigm/astar_ws/install/robot_controller/share/robot_controller/package.zsh'
[1.759s] Level 1:colcon.colcon_core.environment:create_file_with_runtime_dependencies(/home/ronnigm/astar_ws/install/robot_controller/share/colcon-core/packages/robot_controller)
[1.762s] Level 1:colcon.colcon_core.environment:checking '/home/ronnigm/astar_ws/install/astar_planner' for CMake module files
[1.763s] DEBUG:colcon.colcon_core.event_handler.log_command:Invoked command in '/home/ronnigm/astar_ws/src/astar_planner' returned '0': PYTHONPATH=/home/ronnigm/astar_ws/build/astar_planner/prefix_override:/usr/lib/python3/dist-packages/colcon_core/task/python/colcon_distutils_commands:/home/ronnigm/astar_ws/install/astar_planner/lib/python3.10/site-packages:${PYTHONPATH} /usr/bin/python3 -W ignore:setup.py install is deprecated -W ignore:easy_install command is deprecated setup.py egg_info --egg-base ../../build/astar_planner build --build-base /home/ronnigm/astar_ws/build/astar_planner/build install --record /home/ronnigm/astar_ws/build/astar_planner/install.log --single-version-externally-managed install_data
[1.763s] Level 1:colcon.colcon_core.environment:checking '/home/ronnigm/astar_ws/install/astar_planner' for CMake config files
[1.763s] Level 1:colcon.colcon_core.environment:checking '/home/ronnigm/astar_ws/install/astar_planner/lib'
[1.763s] Level 1:colcon.colcon_core.environment:checking '/home/ronnigm/astar_ws/install/astar_planner/bin'
[1.763s] Level 1:colcon.colcon_core.environment:checking '/home/ronnigm/astar_ws/install/astar_planner/lib/pkgconfig/astar_planner.pc'
[1.763s] Level 1:colcon.colcon_core.environment:checking '/home/ronnigm/astar_ws/install/astar_planner/lib/python3.10/site-packages'
[1.763s] Level 1:colcon.colcon_core.shell:create_environment_hook('astar_planner', 'pythonpath')
[1.764s] INFO:colcon.colcon_core.shell:Creating environment hook '/home/ronnigm/astar_ws/install/astar_planner/share/astar_planner/hook/pythonpath.ps1'
[1.764s] INFO:colcon.colcon_core.shell:Creating environment descriptor '/home/ronnigm/astar_ws/install/astar_planner/share/astar_planner/hook/pythonpath.dsv'
[1.764s] INFO:colcon.colcon_core.shell:Creating environment hook '/home/ronnigm/astar_ws/install/astar_planner/share/astar_planner/hook/pythonpath.sh'
[1.765s] Level 1:colcon.colcon_core.environment:checking '/home/ronnigm/astar_ws/install/astar_planner/bin'
[1.765s] Level 1:colcon.colcon_core.environment:create_environment_scripts_only(astar_planner)
[1.765s] INFO:colcon.colcon_core.shell:Creating package script '/home/ronnigm/astar_ws/install/astar_planner/share/astar_planner/package.ps1'
[1.765s] INFO:colcon.colcon_core.shell:Creating package descriptor '/home/ronnigm/astar_ws/install/astar_planner/share/astar_planner/package.dsv'
[1.766s] INFO:colcon.colcon_core.shell:Creating package script '/home/ronnigm/astar_ws/install/astar_planner/share/astar_planner/package.sh'
[1.766s] INFO:colcon.colcon_core.shell:Creating package script '/home/ronnigm/astar_ws/install/astar_planner/share/astar_planner/package.bash'
[1.766s] INFO:colcon.colcon_core.shell:Creating package script '/home/ronnigm/astar_ws/install/astar_planner/share/astar_planner/package.zsh'
[1.766s] Level 1:colcon.colcon_core.environment:create_file_with_runtime_dependencies(/home/ronnigm/astar_ws/install/astar_planner/share/colcon-core/packages/astar_planner)
[1.767s] Level 1:colcon.colcon_core.environment:checking '/home/ronnigm/astar_ws/install/robot_description' for CMake module files
[1.767s] Level 1:colcon.colcon_core.environment:checking '/home/ronnigm/astar_ws/install/robot_description' for CMake config files
[1.768s] DEBUG:colcon.colcon_core.event_handler.log_command:Invoked command in '/home/ronnigm/astar_ws/src/robot_description' returned '0': PYTHONPATH=/home/ronnigm/astar_ws/build/robot_description/prefix_override:/usr/lib/python3/dist-packages/colcon_core/task/python/colcon_distutils_commands:/home/ronnigm/astar_ws/install/robot_description/lib/python3.10/site-packages:${PYTHONPATH} /usr/bin/python3 -W ignore:setup.py install is deprecated -W ignore:easy_install command is deprecated setup.py egg_info --egg-base ../../build/robot_description build --build-base /home/ronnigm/astar_ws/build/robot_description/build install --record /home/ronnigm/astar_ws/build/robot_description/install.log --single-version-externally-managed install_data
[1.768s] Level 1:colcon.colcon_core.environment:checking '/home/ronnigm/astar_ws/install/robot_description/lib'
[1.768s] Level 1:colcon.colcon_core.environment:checking '/home/ronnigm/astar_ws/install/robot_description/bin'
[1.768s] Level 1:colcon.colcon_core.environment:checking '/home/ronnigm/astar_ws/install/robot_description/lib/pkgconfig/robot_description.pc'
[1.768s] Level 1:colcon.colcon_core.environment:checking '/home/ronnigm/astar_ws/install/robot_description/lib/python3.10/site-packages'
[1.768s] Level 1:colcon.colcon_core.shell:create_environment_hook('robot_description', 'pythonpath')
[1.769s] INFO:colcon.colcon_core.shell:Creating environment hook '/home/ronnigm/astar_ws/install/robot_description/share/robot_description/hook/pythonpath.ps1'
[1.769s] INFO:colcon.colcon_core.shell:Creating environment descriptor '/home/ronnigm/astar_ws/install/robot_description/share/robot_description/hook/pythonpath.dsv'
[1.769s] INFO:colcon.colcon_core.shell:Creating environment hook '/home/ronnigm/astar_ws/install/robot_description/share/robot_description/hook/pythonpath.sh'
[1.770s] Level 1:colcon.colcon_core.environment:checking '/home/ronnigm/astar_ws/install/robot_description/bin'
[1.770s] Level 1:colcon.colcon_core.environment:create_environment_scripts_only(robot_description)
[1.770s] INFO:colcon.colcon_core.shell:Creating package script '/home/ronnigm/astar_ws/install/robot_description/share/robot_description/package.ps1'
[1.770s] INFO:colcon.colcon_core.shell:Creating package descriptor '/home/ronnigm/astar_ws/install/robot_description/share/robot_description/package.dsv'
[1.770s] INFO:colcon.colcon_core.shell:Creating package script '/home/ronnigm/astar_ws/install/robot_description/share/robot_description/package.sh'
[1.771s] INFO:colcon.colcon_core.shell:Creating package script '/home/ronnigm/astar_ws/install/robot_description/share/robot_description/package.bash'
[1.771s] INFO:colcon.colcon_core.shell:Creating package script '/home/ronnigm/astar_ws/install/robot_description/share/robot_description/package.zsh'
[1.771s] Level 1:colcon.colcon_core.environment:create_file_with_runtime_dependencies(/home/ronnigm/astar_ws/install/robot_description/share/colcon-core/packages/robot_description)
[1.771s] DEBUG:colcon.colcon_parallel_executor.executor.parallel:closing loop
[1.772s] DEBUG:colcon.colcon_parallel_executor.executor.parallel:loop closed
[1.772s] DEBUG:colcon.colcon_parallel_executor.executor.parallel:run_until_complete finished with '0'
[1.772s] DEBUG:colcon.colcon_core.event_reactor:joining thread
[1.777s] INFO:colcon.colcon_core.plugin_system:Skipping extension 'colcon_notification.desktop_notification.terminal_notifier': Not used on non-Darwin systems
[1.777s] INFO:colcon.colcon_core.plugin_system:Skipping extension 'colcon_notification.desktop_notification.win32': Not used on non-Windows systems
[1.777s] INFO:colcon.colcon_notification.desktop_notification:Sending desktop notification using 'notify2'
[1.783s] DEBUG:colcon.colcon_core.event_reactor:joined thread
[1.784s] INFO:colcon.colcon_core.shell:Creating prefix script '/home/ronnigm/astar_ws/install/local_setup.ps1'
[1.785s] INFO:colcon.colcon_core.shell:Creating prefix util module '/home/ronnigm/astar_ws/install/_local_setup_util_ps1.py'
[1.786s] INFO:colcon.colcon_core.shell:Creating prefix chain script '/home/ronnigm/astar_ws/install/setup.ps1'
[1.787s] INFO:colcon.colcon_core.shell:Creating prefix script '/home/ronnigm/astar_ws/install/local_setup.sh'
[1.787s] INFO:colcon.colcon_core.shell:Creating prefix util module '/home/ronnigm/astar_ws/install/_local_setup_util_sh.py'
[1.788s] INFO:colcon.colcon_core.shell:Creating prefix chain script '/home/ronnigm/astar_ws/install/setup.sh'
[1.789s] INFO:colcon.colcon_core.shell:Creating prefix script '/home/ronnigm/astar_ws/install/local_setup.bash'
[1.789s] INFO:colcon.colcon_core.shell:Creating prefix chain script '/home/ronnigm/astar_ws/install/setup.bash'
[1.790s] INFO:colcon.colcon_core.shell:Creating prefix script '/home/ronnigm/astar_ws/install/local_setup.zsh'
[1.790s] INFO:colcon.colcon_core.shell:Creating prefix chain script '/home/ronnigm/astar_ws/install/setup.zsh'
