[1.155s] Invoking command in '/home/ronnigm/astar_ws/src/robot_controller': PYTHONPATH=/home/ronnigm/astar_ws/build/robot_controller/prefix_override:/usr/lib/python3/dist-packages/colcon_core/task/python/colcon_distutils_commands:/home/ronnigm/astar_ws/install/robot_controller/lib/python3.10/site-packages:${PYTHONPATH} /usr/bin/python3 -W ignore:setup.py install is deprecated -W ignore:easy_install command is deprecated setup.py egg_info --egg-base ../../build/robot_controller build --build-base /home/ronnigm/astar_ws/build/robot_controller/build install --record /home/ronnigm/astar_ws/build/robot_controller/install.log --single-version-externally-managed install_data
[1.351s] running egg_info
[1.351s] writing ../../build/robot_controller/robot_controller.egg-info/PKG-INFO
[1.352s] writing dependency_links to ../../build/robot_controller/robot_controller.egg-info/dependency_links.txt
[1.352s] writing entry points to ../../build/robot_controller/robot_controller.egg-info/entry_points.txt
[1.352s] writing requirements to ../../build/robot_controller/robot_controller.egg-info/requires.txt
[1.352s] writing top-level names to ../../build/robot_controller/robot_controller.egg-info/top_level.txt
[1.353s] reading manifest file '../../build/robot_controller/robot_controller.egg-info/SOURCES.txt'
[1.354s] writing manifest file '../../build/robot_controller/robot_controller.egg-info/SOURCES.txt'
[1.354s] running build
[1.354s] running build_py
[1.354s] running install
[1.354s] running install_lib
[1.355s] running install_data
[1.355s] running install_egg_info
[1.357s] removing '/home/ronnigm/astar_ws/install/robot_controller/lib/python3.10/site-packages/robot_controller-0.0.0-py3.10.egg-info' (and everything under it)
[1.357s] Copying ../../build/robot_controller/robot_controller.egg-info to /home/ronnigm/astar_ws/install/robot_controller/lib/python3.10/site-packages/robot_controller-0.0.0-py3.10.egg-info
[1.358s] running install_scripts
[1.373s] Installing omni_kinematics script to /home/ronnigm/astar_ws/install/robot_controller/lib/robot_controller
[1.373s] Installing path_follower script to /home/ronnigm/astar_ws/install/robot_controller/lib/robot_controller
[1.374s] writing list of installed files to '/home/ronnigm/astar_ws/build/robot_controller/install.log'
[1.398s] Invoked command in '/home/ronnigm/astar_ws/src/robot_controller' returned '0': PYTHONPATH=/home/ronnigm/astar_ws/build/robot_controller/prefix_override:/usr/lib/python3/dist-packages/colcon_core/task/python/colcon_distutils_commands:/home/ronnigm/astar_ws/install/robot_controller/lib/python3.10/site-packages:${PYTHONPATH} /usr/bin/python3 -W ignore:setup.py install is deprecated -W ignore:easy_install command is deprecated setup.py egg_info --egg-base ../../build/robot_controller build --build-base /home/ronnigm/astar_ws/build/robot_controller/build install --record /home/ronnigm/astar_ws/build/robot_controller/install.log --single-version-externally-managed install_data
