[1.167s] Invoking command in '/home/ronnigm/astar_ws/src/robot_controller': PYTHONPATH=/home/ronnigm/astar_ws/build/robot_controller/prefix_override:/usr/lib/python3/dist-packages/colcon_core/task/python/colcon_distutils_commands:/home/ronnigm/astar_ws/install/robot_controller/lib/python3.10/site-packages:${PYTHONPATH} /usr/bin/python3 -W ignore:setup.py install is deprecated -W ignore:easy_install command is deprecated setup.py egg_info --egg-base ../../build/robot_controller build --build-base /home/ronnigm/astar_ws/build/robot_controller/build install --record /home/ronnigm/astar_ws/build/robot_controller/install.log --single-version-externally-managed install_data
[1.364s] running egg_info
[1.365s] writing ../../build/robot_controller/robot_controller.egg-info/PKG-INFO
[1.365s] writing dependency_links to ../../build/robot_controller/robot_controller.egg-info/dependency_links.txt
[1.366s] writing entry points to ../../build/robot_controller/robot_controller.egg-info/entry_points.txt
[1.366s] writing requirements to ../../build/robot_controller/robot_controller.egg-info/requires.txt
[1.366s] writing top-level names to ../../build/robot_controller/robot_controller.egg-info/top_level.txt
[1.367s] reading manifest file '../../build/robot_controller/robot_controller.egg-info/SOURCES.txt'
[1.368s] writing manifest file '../../build/robot_controller/robot_controller.egg-info/SOURCES.txt'
[1.368s] running build
[1.368s] running build_py
[1.368s] copying robot_controller/path_follower.py -> /home/ronnigm/astar_ws/build/robot_controller/build/lib/robot_controller
[1.368s] running install
[1.368s] running install_lib
[1.369s] copying /home/ronnigm/astar_ws/build/robot_controller/build/lib/robot_controller/path_follower.py -> /home/ronnigm/astar_ws/install/robot_controller/lib/python3.10/site-packages/robot_controller
[1.369s] byte-compiling /home/ronnigm/astar_ws/install/robot_controller/lib/python3.10/site-packages/robot_controller/path_follower.py to path_follower.cpython-310.pyc
[1.371s] running install_data
[1.371s] running install_egg_info
[1.372s] removing '/home/ronnigm/astar_ws/install/robot_controller/lib/python3.10/site-packages/robot_controller-0.0.0-py3.10.egg-info' (and everything under it)
[1.372s] Copying ../../build/robot_controller/robot_controller.egg-info to /home/ronnigm/astar_ws/install/robot_controller/lib/python3.10/site-packages/robot_controller-0.0.0-py3.10.egg-info
[1.373s] running install_scripts
[1.389s] Installing omni_kinematics script to /home/ronnigm/astar_ws/install/robot_controller/lib/robot_controller
[1.390s] Installing path_follower script to /home/ronnigm/astar_ws/install/robot_controller/lib/robot_controller
[1.390s] writing list of installed files to '/home/ronnigm/astar_ws/build/robot_controller/install.log'
[1.413s] Invoked command in '/home/ronnigm/astar_ws/src/robot_controller' returned '0': PYTHONPATH=/home/ronnigm/astar_ws/build/robot_controller/prefix_override:/usr/lib/python3/dist-packages/colcon_core/task/python/colcon_distutils_commands:/home/ronnigm/astar_ws/install/robot_controller/lib/python3.10/site-packages:${PYTHONPATH} /usr/bin/python3 -W ignore:setup.py install is deprecated -W ignore:easy_install command is deprecated setup.py egg_info --egg-base ../../build/robot_controller build --build-base /home/ronnigm/astar_ws/build/robot_controller/build install --record /home/ronnigm/astar_ws/build/robot_controller/install.log --single-version-externally-managed install_data
