/home/ronnigm/astar_ws/install/robot_description/lib/python3.10/site-packages/robot_description/__init__.py
/home/ronnigm/astar_ws/install/robot_description/lib/python3.10/site-packages/robot_description/__pycache__/__init__.cpython-310.pyc
/home/ronnigm/astar_ws/install/robot_description/share/ament_index/resource_index/packages/robot_description
/home/ronnigm/astar_ws/install/robot_description/share/robot_description/package.xml
/home/ronnigm/astar_ws/install/robot_description/share/robot_description/urdf/robot_core_highres.xacro
/home/ronnigm/astar_ws/install/robot_description/share/robot_description/urdf/robot.urdf.xacro
/home/ronnigm/astar_ws/install/robot_description/share/robot_description/urdf/inertial_macros.xacro
/home/ronnigm/astar_ws/install/robot_description/share/robot_description/meshes/rubber4_Link.STL
/home/ronnigm/astar_ws/install/robot_description/share/robot_description/meshes/rubber2_Link.STL
/home/ronnigm/astar_ws/install/robot_description/share/robot_description/meshes/motor1_Link.STL
/home/ronnigm/astar_ws/install/robot_description/share/robot_description/meshes/lidar.dae
/home/ronnigm/astar_ws/install/robot_description/share/robot_description/meshes/wheel3_Link.STL
/home/ronnigm/astar_ws/install/robot_description/share/robot_description/meshes/motor3_Link.STL
/home/ronnigm/astar_ws/install/robot_description/share/robot_description/meshes/motor2_Link.STL
/home/ronnigm/astar_ws/install/robot_description/share/robot_description/meshes/base_link.STL
/home/ronnigm/astar_ws/install/robot_description/share/robot_description/meshes/wheel1_Link.STL
/home/ronnigm/astar_ws/install/robot_description/share/robot_description/meshes/rubber3_Link.STL
/home/ronnigm/astar_ws/install/robot_description/share/robot_description/meshes/motor4_Link.STL
/home/ronnigm/astar_ws/install/robot_description/share/robot_description/meshes/wheel2_Link.STL
/home/ronnigm/astar_ws/install/robot_description/share/robot_description/meshes/rubber1_Link.STL
/home/ronnigm/astar_ws/install/robot_description/share/robot_description/meshes/wheel4_Link.STL
/home/ronnigm/astar_ws/install/robot_description/share/robot_description/launch
/home/ronnigm/astar_ws/install/robot_description/lib/python3.10/site-packages/robot_description-0.0.0-py3.10.egg-info/top_level.txt
/home/ronnigm/astar_ws/install/robot_description/lib/python3.10/site-packages/robot_description-0.0.0-py3.10.egg-info/requires.txt
/home/ronnigm/astar_ws/install/robot_description/lib/python3.10/site-packages/robot_description-0.0.0-py3.10.egg-info/SOURCES.txt
/home/ronnigm/astar_ws/install/robot_description/lib/python3.10/site-packages/robot_description-0.0.0-py3.10.egg-info/PKG-INFO
/home/ronnigm/astar_ws/install/robot_description/lib/python3.10/site-packages/robot_description-0.0.0-py3.10.egg-info/dependency_links.txt
/home/ronnigm/astar_ws/install/robot_description/lib/python3.10/site-packages/robot_description-0.0.0-py3.10.egg-info/zip-safe
