[1.278s] Invoking command in '/home/ronnigm/astar_ws/src/astar_planner': PYTHONPATH=/home/ronnigm/astar_ws/build/astar_planner/prefix_override:/usr/lib/python3/dist-packages/colcon_core/task/python/colcon_distutils_commands:/home/ronnigm/astar_ws/install/astar_planner/lib/python3.10/site-packages:${PYTHONPATH} /usr/bin/python3 -W ignore:setup.py install is deprecated -W ignore:easy_install command is deprecated setup.py egg_info --egg-base ../../build/astar_planner build --build-base /home/ronnigm/astar_ws/build/astar_planner/build install --record /home/ronnigm/astar_ws/build/astar_planner/install.log --single-version-externally-managed install_data
[1.483s] running egg_info
[1.484s] writing ../../build/astar_planner/astar_planner.egg-info/PKG-INFO
[1.484s] writing dependency_links to ../../build/astar_planner/astar_planner.egg-info/dependency_links.txt
[1.484s] writing entry points to ../../build/astar_planner/astar_planner.egg-info/entry_points.txt
[1.484s] writing requirements to ../../build/astar_planner/astar_planner.egg-info/requires.txt
[1.484s] writing top-level names to ../../build/astar_planner/astar_planner.egg-info/top_level.txt
[1.486s] reading manifest file '../../build/astar_planner/astar_planner.egg-info/SOURCES.txt'
[1.486s] writing manifest file '../../build/astar_planner/astar_planner.egg-info/SOURCES.txt'
[1.486s] running build
[1.486s] running build_py
[1.487s] copying astar_planner/astar_planner.py -> /home/ronnigm/astar_ws/build/astar_planner/build/lib/astar_planner
[1.487s] running install
[1.487s] running install_lib
[1.487s] copying /home/ronnigm/astar_ws/build/astar_planner/build/lib/astar_planner/astar_planner.py -> /home/ronnigm/astar_ws/install/astar_planner/lib/python3.10/site-packages/astar_planner
[1.488s] byte-compiling /home/ronnigm/astar_ws/install/astar_planner/lib/python3.10/site-packages/astar_planner/astar_planner.py to astar_planner.cpython-310.pyc
[1.490s] running install_data
[1.490s] running install_egg_info
[1.492s] removing '/home/ronnigm/astar_ws/install/astar_planner/lib/python3.10/site-packages/astar_planner-0.0.0-py3.10.egg-info' (and everything under it)
[1.492s] Copying ../../build/astar_planner/astar_planner.egg-info to /home/ronnigm/astar_ws/install/astar_planner/lib/python3.10/site-packages/astar_planner-0.0.0-py3.10.egg-info
[1.493s] running install_scripts
[1.510s] Installing astar_planner script to /home/ronnigm/astar_ws/install/astar_planner/lib/astar_planner
[1.510s] writing list of installed files to '/home/ronnigm/astar_ws/build/astar_planner/install.log'
[1.548s] Invoked command in '/home/ronnigm/astar_ws/src/astar_planner' returned '0': PYTHONPATH=/home/ronnigm/astar_ws/build/astar_planner/prefix_override:/usr/lib/python3/dist-packages/colcon_core/task/python/colcon_distutils_commands:/home/ronnigm/astar_ws/install/astar_planner/lib/python3.10/site-packages:${PYTHONPATH} /usr/bin/python3 -W ignore:setup.py install is deprecated -W ignore:easy_install command is deprecated setup.py egg_info --egg-base ../../build/astar_planner build --build-base /home/ronnigm/astar_ws/build/astar_planner/build install --record /home/ronnigm/astar_ws/build/astar_planner/install.log --single-version-externally-managed install_data
