[0.085s] DEBUG:colcon:Command line arguments: ['/usr/bin/colcon', 'build']
[0.086s] DEBUG:colcon:Parsed command line arguments: Namespace(log_base=None, log_level=None, verb_name='build', build_base='build', install_base='install', merge_install=False, symlink_install=False, test_result_base=None, continue_on_error=False, executor='parallel', parallel_workers=16, event_handlers=None, ignore_user_meta=False, metas=['./colcon.meta'], base_paths=['.'], packages_ignore=None, packages_ignore_regex=None, paths=None, packages_up_to=None, packages_up_to_regex=None, packages_above=None, packages_above_and_dependencies=None, packages_above_depth=None, packages_select_by_dep=None, packages_skip_by_dep=None, packages_skip_up_to=None, packages_select_build_failed=False, packages_skip_build_finished=False, packages_select_test_failures=False, packages_skip_test_passed=False, packages_select=None, packages_skip=None, packages_select_regex=None, packages_skip_regex=None, packages_start=None, packages_end=None, allow_overriding=[], cmake_args=None, cmake_target=None, cmake_target_skip_unavailable=False, cmake_clean_cache=False, cmake_clean_first=False, cmake_force_configure=False, ament_cmake_args=None, catkin_cmake_args=None, catkin_skip_building_tests=False, mixin_files=None, mixin=None, verb_parser=<colcon_mixin.mixin.mixin_argument.MixinArgumentDecorator object at 0x7ffba8f20b50>, verb_extension=<colcon_core.verb.build.BuildVerb object at 0x7ffba9095b40>, main=<bound method BuildVerb.main of <colcon_core.verb.build.BuildVerb object at 0x7ffba9095b40>>, mixin_verb=('build',))
[0.233s] Level 1:colcon.colcon_core.package_discovery:discover_packages(colcon_meta) check parameters
[0.233s] Level 1:colcon.colcon_core.package_discovery:discover_packages(recursive) check parameters
[0.233s] Level 1:colcon.colcon_core.package_discovery:discover_packages(ignore) check parameters
[0.233s] Level 1:colcon.colcon_core.package_discovery:discover_packages(path) check parameters
[0.233s] Level 1:colcon.colcon_core.package_discovery:discover_packages(colcon_meta) discover
[0.233s] Level 1:colcon.colcon_core.package_discovery:discover_packages(recursive) discover
[0.233s] INFO:colcon.colcon_core.package_discovery:Crawling recursively for packages in '/home/ronnigm/astar_ws'
[0.233s] Level 1:colcon.colcon_core.package_identification:_identify(.) by extensions ['ignore', 'ignore_ament_install']
[0.233s] Level 1:colcon.colcon_core.package_identification:_identify(.) by extension 'ignore'
[0.233s] Level 1:colcon.colcon_core.package_identification:_identify(.) by extension 'ignore_ament_install'
[0.233s] Level 1:colcon.colcon_core.package_identification:_identify(.) by extensions ['colcon_pkg']
[0.233s] Level 1:colcon.colcon_core.package_identification:_identify(.) by extension 'colcon_pkg'
[0.233s] Level 1:colcon.colcon_core.package_identification:_identify(.) by extensions ['colcon_meta']
[0.233s] Level 1:colcon.colcon_core.package_identification:_identify(.) by extension 'colcon_meta'
[0.233s] Level 1:colcon.colcon_core.package_identification:_identify(.) by extensions ['ros']
[0.233s] Level 1:colcon.colcon_core.package_identification:_identify(.) by extension 'ros'
[0.242s] Level 1:colcon.colcon_core.package_identification:_identify(.) by extensions ['cmake', 'python']
[0.242s] Level 1:colcon.colcon_core.package_identification:_identify(.) by extension 'cmake'
[0.242s] Level 1:colcon.colcon_core.package_identification:_identify(.) by extension 'python'
[0.242s] Level 1:colcon.colcon_core.package_identification:_identify(.) by extensions ['python_setup_py']
[0.242s] Level 1:colcon.colcon_core.package_identification:_identify(.) by extension 'python_setup_py'
[0.242s] Level 1:colcon.colcon_core.package_identification:_identify(build) by extensions ['ignore', 'ignore_ament_install']
[0.242s] Level 1:colcon.colcon_core.package_identification:_identify(build) by extension 'ignore'
[0.242s] Level 1:colcon.colcon_core.package_identification:_identify(build) ignored
[0.242s] Level 1:colcon.colcon_core.package_identification:_identify(install) by extensions ['ignore', 'ignore_ament_install']
[0.242s] Level 1:colcon.colcon_core.package_identification:_identify(install) by extension 'ignore'
[0.242s] Level 1:colcon.colcon_core.package_identification:_identify(install) ignored
[0.242s] Level 1:colcon.colcon_core.package_identification:_identify(log) by extensions ['ignore', 'ignore_ament_install']
[0.242s] Level 1:colcon.colcon_core.package_identification:_identify(log) by extension 'ignore'
[0.243s] Level 1:colcon.colcon_core.package_identification:_identify(log) ignored
[0.243s] Level 1:colcon.colcon_core.package_identification:_identify(src) by extensions ['ignore', 'ignore_ament_install']
[0.243s] Level 1:colcon.colcon_core.package_identification:_identify(src) by extension 'ignore'
[0.243s] Level 1:colcon.colcon_core.package_identification:_identify(src) by extension 'ignore_ament_install'
[0.243s] Level 1:colcon.colcon_core.package_identification:_identify(src) by extensions ['colcon_pkg']
[0.243s] Level 1:colcon.colcon_core.package_identification:_identify(src) by extension 'colcon_pkg'
[0.243s] Level 1:colcon.colcon_core.package_identification:_identify(src) by extensions ['colcon_meta']
[0.243s] Level 1:colcon.colcon_core.package_identification:_identify(src) by extension 'colcon_meta'
[0.243s] Level 1:colcon.colcon_core.package_identification:_identify(src) by extensions ['ros']
[0.243s] Level 1:colcon.colcon_core.package_identification:_identify(src) by extension 'ros'
[0.243s] Level 1:colcon.colcon_core.package_identification:_identify(src) by extensions ['cmake', 'python']
[0.243s] Level 1:colcon.colcon_core.package_identification:_identify(src) by extension 'cmake'
[0.243s] Level 1:colcon.colcon_core.package_identification:_identify(src) by extension 'python'
[0.243s] Level 1:colcon.colcon_core.package_identification:_identify(src) by extensions ['python_setup_py']
[0.243s] Level 1:colcon.colcon_core.package_identification:_identify(src) by extension 'python_setup_py'
[0.243s] Level 1:colcon.colcon_core.package_identification:_identify(src/astar_planner) by extensions ['ignore', 'ignore_ament_install']
[0.243s] Level 1:colcon.colcon_core.package_identification:_identify(src/astar_planner) by extension 'ignore'
[0.243s] Level 1:colcon.colcon_core.package_identification:_identify(src/astar_planner) by extension 'ignore_ament_install'
[0.243s] Level 1:colcon.colcon_core.package_identification:_identify(src/astar_planner) by extensions ['colcon_pkg']
[0.243s] Level 1:colcon.colcon_core.package_identification:_identify(src/astar_planner) by extension 'colcon_pkg'
[0.243s] Level 1:colcon.colcon_core.package_identification:_identify(src/astar_planner) by extensions ['colcon_meta']
[0.243s] Level 1:colcon.colcon_core.package_identification:_identify(src/astar_planner) by extension 'colcon_meta'
[0.243s] Level 1:colcon.colcon_core.package_identification:_identify(src/astar_planner) by extensions ['ros']
[0.243s] Level 1:colcon.colcon_core.package_identification:_identify(src/astar_planner) by extension 'ros'
[0.246s] DEBUG:colcon.colcon_core.package_identification:Package 'src/astar_planner' with type 'ros.ament_python' and name 'astar_planner'
[0.246s] Level 1:colcon.colcon_core.package_identification:_identify(src/gazebo_sim) by extensions ['ignore', 'ignore_ament_install']
[0.246s] Level 1:colcon.colcon_core.package_identification:_identify(src/gazebo_sim) by extension 'ignore'
[0.246s] Level 1:colcon.colcon_core.package_identification:_identify(src/gazebo_sim) by extension 'ignore_ament_install'
[0.246s] Level 1:colcon.colcon_core.package_identification:_identify(src/gazebo_sim) by extensions ['colcon_pkg']
[0.246s] Level 1:colcon.colcon_core.package_identification:_identify(src/gazebo_sim) by extension 'colcon_pkg'
[0.246s] Level 1:colcon.colcon_core.package_identification:_identify(src/gazebo_sim) by extensions ['colcon_meta']
[0.246s] Level 1:colcon.colcon_core.package_identification:_identify(src/gazebo_sim) by extension 'colcon_meta'
[0.246s] Level 1:colcon.colcon_core.package_identification:_identify(src/gazebo_sim) by extensions ['ros']
[0.246s] Level 1:colcon.colcon_core.package_identification:_identify(src/gazebo_sim) by extension 'ros'
[0.247s] DEBUG:colcon.colcon_core.package_identification:Package 'src/gazebo_sim' with type 'ros.ament_python' and name 'gazebo_sim'
[0.247s] Level 1:colcon.colcon_core.package_identification:_identify(src/robot_controller) by extensions ['ignore', 'ignore_ament_install']
[0.247s] Level 1:colcon.colcon_core.package_identification:_identify(src/robot_controller) by extension 'ignore'
[0.247s] Level 1:colcon.colcon_core.package_identification:_identify(src/robot_controller) by extension 'ignore_ament_install'
[0.247s] Level 1:colcon.colcon_core.package_identification:_identify(src/robot_controller) by extensions ['colcon_pkg']
[0.247s] Level 1:colcon.colcon_core.package_identification:_identify(src/robot_controller) by extension 'colcon_pkg'
[0.247s] Level 1:colcon.colcon_core.package_identification:_identify(src/robot_controller) by extensions ['colcon_meta']
[0.247s] Level 1:colcon.colcon_core.package_identification:_identify(src/robot_controller) by extension 'colcon_meta'
[0.247s] Level 1:colcon.colcon_core.package_identification:_identify(src/robot_controller) by extensions ['ros']
[0.247s] Level 1:colcon.colcon_core.package_identification:_identify(src/robot_controller) by extension 'ros'
[0.247s] DEBUG:colcon.colcon_core.package_identification:Package 'src/robot_controller' with type 'ros.ament_python' and name 'robot_controller'
[0.247s] Level 1:colcon.colcon_core.package_identification:_identify(src/robot_description) by extensions ['ignore', 'ignore_ament_install']
[0.247s] Level 1:colcon.colcon_core.package_identification:_identify(src/robot_description) by extension 'ignore'
[0.247s] Level 1:colcon.colcon_core.package_identification:_identify(src/robot_description) by extension 'ignore_ament_install'
[0.247s] Level 1:colcon.colcon_core.package_identification:_identify(src/robot_description) by extensions ['colcon_pkg']
[0.247s] Level 1:colcon.colcon_core.package_identification:_identify(src/robot_description) by extension 'colcon_pkg'
[0.248s] Level 1:colcon.colcon_core.package_identification:_identify(src/robot_description) by extensions ['colcon_meta']
[0.248s] Level 1:colcon.colcon_core.package_identification:_identify(src/robot_description) by extension 'colcon_meta'
[0.248s] Level 1:colcon.colcon_core.package_identification:_identify(src/robot_description) by extensions ['ros']
[0.248s] Level 1:colcon.colcon_core.package_identification:_identify(src/robot_description) by extension 'ros'
[0.248s] DEBUG:colcon.colcon_core.package_identification:Package 'src/robot_description' with type 'ros.ament_python' and name 'robot_description'
[0.248s] Level 1:colcon.colcon_core.package_identification:_identify(tools) by extensions ['ignore', 'ignore_ament_install']
[0.248s] Level 1:colcon.colcon_core.package_identification:_identify(tools) by extension 'ignore'
[0.248s] Level 1:colcon.colcon_core.package_identification:_identify(tools) by extension 'ignore_ament_install'
[0.248s] Level 1:colcon.colcon_core.package_identification:_identify(tools) by extensions ['colcon_pkg']
[0.248s] Level 1:colcon.colcon_core.package_identification:_identify(tools) by extension 'colcon_pkg'
[0.248s] Level 1:colcon.colcon_core.package_identification:_identify(tools) by extensions ['colcon_meta']
[0.248s] Level 1:colcon.colcon_core.package_identification:_identify(tools) by extension 'colcon_meta'
[0.248s] Level 1:colcon.colcon_core.package_identification:_identify(tools) by extensions ['ros']
[0.248s] Level 1:colcon.colcon_core.package_identification:_identify(tools) by extension 'ros'
[0.248s] Level 1:colcon.colcon_core.package_identification:_identify(tools) by extensions ['cmake', 'python']
[0.248s] Level 1:colcon.colcon_core.package_identification:_identify(tools) by extension 'cmake'
[0.248s] Level 1:colcon.colcon_core.package_identification:_identify(tools) by extension 'python'
[0.248s] Level 1:colcon.colcon_core.package_identification:_identify(tools) by extensions ['python_setup_py']
[0.248s] Level 1:colcon.colcon_core.package_identification:_identify(tools) by extension 'python_setup_py'
[0.248s] Level 1:colcon.colcon_core.package_discovery:discover_packages(recursive) using defaults
[0.249s] Level 1:colcon.colcon_core.package_discovery:discover_packages(ignore) discover
[0.249s] Level 1:colcon.colcon_core.package_discovery:discover_packages(ignore) using defaults
[0.249s] Level 1:colcon.colcon_core.package_discovery:discover_packages(path) discover
[0.249s] Level 1:colcon.colcon_core.package_discovery:discover_packages(path) using defaults
[0.278s] Level 1:colcon.colcon_core.package_discovery:discover_packages(prefix_path) check parameters
[0.278s] Level 1:colcon.colcon_core.package_discovery:discover_packages(prefix_path) discover
[0.280s] DEBUG:colcon.colcon_installed_package_information.package_discovery:Found 4 installed packages in /home/ronnigm/astar_ws/install
[0.280s] DEBUG:colcon.colcon_installed_package_information.package_discovery:Found 4 installed packages in /home/ronnigm/robot_ws/install
[0.280s] DEBUG:colcon.colcon_installed_package_information.package_discovery:Found 1 installed packages in /home/ronnigm/robot/install
[0.281s] DEBUG:colcon.colcon_installed_package_information.package_discovery:Found 1 installed packages in /home/ronnigm/nexus/install
[0.281s] DEBUG:colcon.colcon_installed_package_information.package_discovery:Found 1 installed packages in /home/ronnigm/ros2_ws/install
[0.282s] DEBUG:colcon.colcon_installed_package_information.package_discovery:Found 388 installed packages in /opt/ros/humble
[0.284s] Level 1:colcon.colcon_core.package_discovery:discover_packages(prefix_path) using defaults
[0.321s] Level 5:colcon.colcon_core.verb:set package 'astar_planner' build argument 'cmake_args' from command line to 'None'
[0.321s] Level 5:colcon.colcon_core.verb:set package 'astar_planner' build argument 'cmake_target' from command line to 'None'
[0.321s] Level 5:colcon.colcon_core.verb:set package 'astar_planner' build argument 'cmake_target_skip_unavailable' from command line to 'False'
[0.321s] Level 5:colcon.colcon_core.verb:set package 'astar_planner' build argument 'cmake_clean_cache' from command line to 'False'
[0.321s] Level 5:colcon.colcon_core.verb:set package 'astar_planner' build argument 'cmake_clean_first' from command line to 'False'
[0.321s] Level 5:colcon.colcon_core.verb:set package 'astar_planner' build argument 'cmake_force_configure' from command line to 'False'
[0.321s] Level 5:colcon.colcon_core.verb:set package 'astar_planner' build argument 'ament_cmake_args' from command line to 'None'
[0.321s] Level 5:colcon.colcon_core.verb:set package 'astar_planner' build argument 'catkin_cmake_args' from command line to 'None'
[0.321s] Level 5:colcon.colcon_core.verb:set package 'astar_planner' build argument 'catkin_skip_building_tests' from command line to 'False'
[0.321s] DEBUG:colcon.colcon_core.verb:Building package 'astar_planner' with the following arguments: {'ament_cmake_args': None, 'build_base': '/home/ronnigm/astar_ws/build/astar_planner', 'catkin_cmake_args': None, 'catkin_skip_building_tests': False, 'cmake_args': None, 'cmake_clean_cache': False, 'cmake_clean_first': False, 'cmake_force_configure': False, 'cmake_target': None, 'cmake_target_skip_unavailable': False, 'install_base': '/home/ronnigm/astar_ws/install/astar_planner', 'merge_install': False, 'path': '/home/ronnigm/astar_ws/src/astar_planner', 'symlink_install': False, 'test_result_base': None}
[0.321s] Level 5:colcon.colcon_core.verb:set package 'gazebo_sim' build argument 'cmake_args' from command line to 'None'
[0.321s] Level 5:colcon.colcon_core.verb:set package 'gazebo_sim' build argument 'cmake_target' from command line to 'None'
[0.321s] Level 5:colcon.colcon_core.verb:set package 'gazebo_sim' build argument 'cmake_target_skip_unavailable' from command line to 'False'
[0.321s] Level 5:colcon.colcon_core.verb:set package 'gazebo_sim' build argument 'cmake_clean_cache' from command line to 'False'
[0.321s] Level 5:colcon.colcon_core.verb:set package 'gazebo_sim' build argument 'cmake_clean_first' from command line to 'False'
[0.321s] Level 5:colcon.colcon_core.verb:set package 'gazebo_sim' build argument 'cmake_force_configure' from command line to 'False'
[0.321s] Level 5:colcon.colcon_core.verb:set package 'gazebo_sim' build argument 'ament_cmake_args' from command line to 'None'
[0.321s] Level 5:colcon.colcon_core.verb:set package 'gazebo_sim' build argument 'catkin_cmake_args' from command line to 'None'
[0.321s] Level 5:colcon.colcon_core.verb:set package 'gazebo_sim' build argument 'catkin_skip_building_tests' from command line to 'False'
[0.321s] DEBUG:colcon.colcon_core.verb:Building package 'gazebo_sim' with the following arguments: {'ament_cmake_args': None, 'build_base': '/home/ronnigm/astar_ws/build/gazebo_sim', 'catkin_cmake_args': None, 'catkin_skip_building_tests': False, 'cmake_args': None, 'cmake_clean_cache': False, 'cmake_clean_first': False, 'cmake_force_configure': False, 'cmake_target': None, 'cmake_target_skip_unavailable': False, 'install_base': '/home/ronnigm/astar_ws/install/gazebo_sim', 'merge_install': False, 'path': '/home/ronnigm/astar_ws/src/gazebo_sim', 'symlink_install': False, 'test_result_base': None}
[0.322s] Level 5:colcon.colcon_core.verb:set package 'robot_controller' build argument 'cmake_args' from command line to 'None'
[0.322s] Level 5:colcon.colcon_core.verb:set package 'robot_controller' build argument 'cmake_target' from command line to 'None'
[0.322s] Level 5:colcon.colcon_core.verb:set package 'robot_controller' build argument 'cmake_target_skip_unavailable' from command line to 'False'
[0.322s] Level 5:colcon.colcon_core.verb:set package 'robot_controller' build argument 'cmake_clean_cache' from command line to 'False'
[0.322s] Level 5:colcon.colcon_core.verb:set package 'robot_controller' build argument 'cmake_clean_first' from command line to 'False'
[0.322s] Level 5:colcon.colcon_core.verb:set package 'robot_controller' build argument 'cmake_force_configure' from command line to 'False'
[0.322s] Level 5:colcon.colcon_core.verb:set package 'robot_controller' build argument 'ament_cmake_args' from command line to 'None'
[0.322s] Level 5:colcon.colcon_core.verb:set package 'robot_controller' build argument 'catkin_cmake_args' from command line to 'None'
[0.322s] Level 5:colcon.colcon_core.verb:set package 'robot_controller' build argument 'catkin_skip_building_tests' from command line to 'False'
[0.322s] DEBUG:colcon.colcon_core.verb:Building package 'robot_controller' with the following arguments: {'ament_cmake_args': None, 'build_base': '/home/ronnigm/astar_ws/build/robot_controller', 'catkin_cmake_args': None, 'catkin_skip_building_tests': False, 'cmake_args': None, 'cmake_clean_cache': False, 'cmake_clean_first': False, 'cmake_force_configure': False, 'cmake_target': None, 'cmake_target_skip_unavailable': False, 'install_base': '/home/ronnigm/astar_ws/install/robot_controller', 'merge_install': False, 'path': '/home/ronnigm/astar_ws/src/robot_controller', 'symlink_install': False, 'test_result_base': None}
[0.322s] Level 5:colcon.colcon_core.verb:set package 'robot_description' build argument 'cmake_args' from command line to 'None'
[0.322s] Level 5:colcon.colcon_core.verb:set package 'robot_description' build argument 'cmake_target' from command line to 'None'
[0.322s] Level 5:colcon.colcon_core.verb:set package 'robot_description' build argument 'cmake_target_skip_unavailable' from command line to 'False'
[0.322s] Level 5:colcon.colcon_core.verb:set package 'robot_description' build argument 'cmake_clean_cache' from command line to 'False'
[0.322s] Level 5:colcon.colcon_core.verb:set package 'robot_description' build argument 'cmake_clean_first' from command line to 'False'
[0.322s] Level 5:colcon.colcon_core.verb:set package 'robot_description' build argument 'cmake_force_configure' from command line to 'False'
[0.322s] Level 5:colcon.colcon_core.verb:set package 'robot_description' build argument 'ament_cmake_args' from command line to 'None'
[0.322s] Level 5:colcon.colcon_core.verb:set package 'robot_description' build argument 'catkin_cmake_args' from command line to 'None'
[0.322s] Level 5:colcon.colcon_core.verb:set package 'robot_description' build argument 'catkin_skip_building_tests' from command line to 'False'
[0.322s] DEBUG:colcon.colcon_core.verb:Building package 'robot_description' with the following arguments: {'ament_cmake_args': None, 'build_base': '/home/ronnigm/astar_ws/build/robot_description', 'catkin_cmake_args': None, 'catkin_skip_building_tests': False, 'cmake_args': None, 'cmake_clean_cache': False, 'cmake_clean_first': False, 'cmake_force_configure': False, 'cmake_target': None, 'cmake_target_skip_unavailable': False, 'install_base': '/home/ronnigm/astar_ws/install/robot_description', 'merge_install': False, 'path': '/home/ronnigm/astar_ws/src/robot_description', 'symlink_install': False, 'test_result_base': None}
[0.322s] INFO:colcon.colcon_core.executor:Executing jobs using 'parallel' executor
[0.323s] DEBUG:colcon.colcon_parallel_executor.executor.parallel:run_until_complete
[0.324s] INFO:colcon.colcon_ros.task.ament_python.build:Building ROS package in '/home/ronnigm/astar_ws/src/astar_planner' with build type 'ament_python'
[0.324s] Level 1:colcon.colcon_core.shell:create_environment_hook('astar_planner', 'ament_prefix_path')
[0.326s] INFO:colcon.colcon_core.plugin_system:Skipping extension 'colcon_core.shell.bat': Not used on non-Windows systems
[0.326s] INFO:colcon.colcon_core.shell:Creating environment hook '/home/ronnigm/astar_ws/install/astar_planner/share/astar_planner/hook/ament_prefix_path.ps1'
[0.327s] INFO:colcon.colcon_core.shell:Creating environment descriptor '/home/ronnigm/astar_ws/install/astar_planner/share/astar_planner/hook/ament_prefix_path.dsv'
[0.327s] INFO:colcon.colcon_core.shell:Creating environment hook '/home/ronnigm/astar_ws/install/astar_planner/share/astar_planner/hook/ament_prefix_path.sh'
[0.328s] INFO:colcon.colcon_core.shell:Skip shell extension 'powershell' for command environment: Not usable outside of PowerShell
[0.328s] DEBUG:colcon.colcon_core.shell:Skip shell extension 'dsv' for command environment
[0.332s] INFO:colcon.colcon_ros.task.ament_python.build:Building ROS package in '/home/ronnigm/astar_ws/src/gazebo_sim' with build type 'ament_python'
[0.333s] Level 1:colcon.colcon_core.shell:create_environment_hook('gazebo_sim', 'ament_prefix_path')
[0.333s] INFO:colcon.colcon_core.shell:Creating environment hook '/home/ronnigm/astar_ws/install/gazebo_sim/share/gazebo_sim/hook/ament_prefix_path.ps1'
[0.333s] INFO:colcon.colcon_core.shell:Creating environment descriptor '/home/ronnigm/astar_ws/install/gazebo_sim/share/gazebo_sim/hook/ament_prefix_path.dsv'
[0.333s] INFO:colcon.colcon_core.shell:Creating environment hook '/home/ronnigm/astar_ws/install/gazebo_sim/share/gazebo_sim/hook/ament_prefix_path.sh'
[0.334s] INFO:colcon.colcon_core.shell:Skip shell extension 'powershell' for command environment: Not usable outside of PowerShell
[0.334s] DEBUG:colcon.colcon_core.shell:Skip shell extension 'dsv' for command environment
[0.338s] INFO:colcon.colcon_ros.task.ament_python.build:Building ROS package in '/home/ronnigm/astar_ws/src/robot_controller' with build type 'ament_python'
[0.339s] Level 1:colcon.colcon_core.shell:create_environment_hook('robot_controller', 'ament_prefix_path')
[0.339s] INFO:colcon.colcon_core.shell:Creating environment hook '/home/ronnigm/astar_ws/install/robot_controller/share/robot_controller/hook/ament_prefix_path.ps1'
[0.339s] INFO:colcon.colcon_core.shell:Creating environment descriptor '/home/ronnigm/astar_ws/install/robot_controller/share/robot_controller/hook/ament_prefix_path.dsv'
[0.339s] INFO:colcon.colcon_core.shell:Creating environment hook '/home/ronnigm/astar_ws/install/robot_controller/share/robot_controller/hook/ament_prefix_path.sh'
[0.340s] INFO:colcon.colcon_core.shell:Skip shell extension 'powershell' for command environment: Not usable outside of PowerShell
[0.340s] DEBUG:colcon.colcon_core.shell:Skip shell extension 'dsv' for command environment
[0.344s] INFO:colcon.colcon_ros.task.ament_python.build:Building ROS package in '/home/ronnigm/astar_ws/src/robot_description' with build type 'ament_python'
[0.344s] Level 1:colcon.colcon_core.shell:create_environment_hook('robot_description', 'ament_prefix_path')
[0.344s] INFO:colcon.colcon_core.shell:Creating environment hook '/home/ronnigm/astar_ws/install/robot_description/share/robot_description/hook/ament_prefix_path.ps1'
[0.345s] INFO:colcon.colcon_core.shell:Creating environment descriptor '/home/ronnigm/astar_ws/install/robot_description/share/robot_description/hook/ament_prefix_path.dsv'
[0.345s] INFO:colcon.colcon_core.shell:Creating environment hook '/home/ronnigm/astar_ws/install/robot_description/share/robot_description/hook/ament_prefix_path.sh'
[0.346s] INFO:colcon.colcon_core.shell:Skip shell extension 'powershell' for command environment: Not usable outside of PowerShell
[0.346s] DEBUG:colcon.colcon_core.shell:Skip shell extension 'dsv' for command environment
[0.573s] INFO:colcon.colcon_core.task.python.build:Building Python package in '/home/ronnigm/astar_ws/src/astar_planner'
[0.573s] INFO:colcon.colcon_core.shell:Skip shell extension 'powershell' for command environment: Not usable outside of PowerShell
[0.573s] DEBUG:colcon.colcon_core.shell:Skip shell extension 'dsv' for command environment
[0.807s] INFO:colcon.colcon_core.task.python.build:Building Python package in '/home/ronnigm/astar_ws/src/gazebo_sim'
[0.807s] INFO:colcon.colcon_core.shell:Skip shell extension 'powershell' for command environment: Not usable outside of PowerShell
[0.808s] DEBUG:colcon.colcon_core.shell:Skip shell extension 'dsv' for command environment
[1.035s] INFO:colcon.colcon_core.task.python.build:Building Python package in '/home/ronnigm/astar_ws/src/robot_controller'
[1.035s] INFO:colcon.colcon_core.shell:Skip shell extension 'powershell' for command environment: Not usable outside of PowerShell
[1.035s] DEBUG:colcon.colcon_core.shell:Skip shell extension 'dsv' for command environment
[1.253s] INFO:colcon.colcon_core.task.python.build:Building Python package in '/home/ronnigm/astar_ws/src/robot_description'
[1.253s] INFO:colcon.colcon_core.shell:Skip shell extension 'powershell' for command environment: Not usable outside of PowerShell
[1.253s] DEBUG:colcon.colcon_core.shell:Skip shell extension 'dsv' for command environment
[1.559s] DEBUG:colcon.colcon_core.event_handler.log_command:Invoking command in '/home/ronnigm/astar_ws/src/gazebo_sim': PYTHONPATH=/home/ronnigm/astar_ws/build/gazebo_sim/prefix_override:/usr/lib/python3/dist-packages/colcon_core/task/python/colcon_distutils_commands:/home/ronnigm/astar_ws/install/gazebo_sim/lib/python3.10/site-packages:${PYTHONPATH} /usr/bin/python3 -W ignore:setup.py install is deprecated -W ignore:easy_install command is deprecated setup.py egg_info --egg-base ../../build/gazebo_sim build --build-base /home/ronnigm/astar_ws/build/gazebo_sim/build install --record /home/ronnigm/astar_ws/build/gazebo_sim/install.log --single-version-externally-managed install_data
[1.563s] DEBUG:colcon.colcon_core.event_handler.log_command:Invoking command in '/home/ronnigm/astar_ws/src/astar_planner': PYTHONPATH=/home/ronnigm/astar_ws/build/astar_planner/prefix_override:/usr/lib/python3/dist-packages/colcon_core/task/python/colcon_distutils_commands:/home/ronnigm/astar_ws/install/astar_planner/lib/python3.10/site-packages:${PYTHONPATH} /usr/bin/python3 -W ignore:setup.py install is deprecated -W ignore:easy_install command is deprecated setup.py egg_info --egg-base ../../build/astar_planner build --build-base /home/ronnigm/astar_ws/build/astar_planner/build install --record /home/ronnigm/astar_ws/build/astar_planner/install.log --single-version-externally-managed install_data
[1.565s] DEBUG:colcon.colcon_core.event_handler.log_command:Invoking command in '/home/ronnigm/astar_ws/src/robot_controller': PYTHONPATH=/home/ronnigm/astar_ws/build/robot_controller/prefix_override:/usr/lib/python3/dist-packages/colcon_core/task/python/colcon_distutils_commands:/home/ronnigm/astar_ws/install/robot_controller/lib/python3.10/site-packages:${PYTHONPATH} /usr/bin/python3 -W ignore:setup.py install is deprecated -W ignore:easy_install command is deprecated setup.py egg_info --egg-base ../../build/robot_controller build --build-base /home/ronnigm/astar_ws/build/robot_controller/build install --record /home/ronnigm/astar_ws/build/robot_controller/install.log --single-version-externally-managed install_data
[1.575s] DEBUG:colcon.colcon_core.event_handler.log_command:Invoking command in '/home/ronnigm/astar_ws/src/robot_description': PYTHONPATH=/home/ronnigm/astar_ws/build/robot_description/prefix_override:/usr/lib/python3/dist-packages/colcon_core/task/python/colcon_distutils_commands:/home/ronnigm/astar_ws/install/robot_description/lib/python3.10/site-packages:${PYTHONPATH} /usr/bin/python3 -W ignore:setup.py install is deprecated -W ignore:easy_install command is deprecated setup.py egg_info --egg-base ../../build/robot_description build --build-base /home/ronnigm/astar_ws/build/robot_description/build install --record /home/ronnigm/astar_ws/build/robot_description/install.log --single-version-externally-managed install_data
[1.814s] DEBUG:colcon.colcon_core.event_handler.log_command:Invoked command in '/home/ronnigm/astar_ws/src/gazebo_sim' returned '0': PYTHONPATH=/home/ronnigm/astar_ws/build/gazebo_sim/prefix_override:/usr/lib/python3/dist-packages/colcon_core/task/python/colcon_distutils_commands:/home/ronnigm/astar_ws/install/gazebo_sim/lib/python3.10/site-packages:${PYTHONPATH} /usr/bin/python3 -W ignore:setup.py install is deprecated -W ignore:easy_install command is deprecated setup.py egg_info --egg-base ../../build/gazebo_sim build --build-base /home/ronnigm/astar_ws/build/gazebo_sim/build install --record /home/ronnigm/astar_ws/build/gazebo_sim/install.log --single-version-externally-managed install_data
[1.816s] Level 1:colcon.colcon_core.environment:checking '/home/ronnigm/astar_ws/install/gazebo_sim' for CMake module files
[1.816s] Level 1:colcon.colcon_core.environment:checking '/home/ronnigm/astar_ws/install/gazebo_sim' for CMake config files
[1.817s] Level 1:colcon.colcon_core.environment:checking '/home/ronnigm/astar_ws/install/gazebo_sim/lib'
[1.817s] Level 1:colcon.colcon_core.environment:checking '/home/ronnigm/astar_ws/install/gazebo_sim/bin'
[1.817s] Level 1:colcon.colcon_core.environment:checking '/home/ronnigm/astar_ws/install/gazebo_sim/lib/pkgconfig/gazebo_sim.pc'
[1.817s] Level 1:colcon.colcon_core.environment:checking '/home/ronnigm/astar_ws/install/gazebo_sim/lib/python3.10/site-packages'
[1.817s] Level 1:colcon.colcon_core.shell:create_environment_hook('gazebo_sim', 'pythonpath')
[1.817s] INFO:colcon.colcon_core.shell:Creating environment hook '/home/ronnigm/astar_ws/install/gazebo_sim/share/gazebo_sim/hook/pythonpath.ps1'
[1.818s] INFO:colcon.colcon_core.shell:Creating environment descriptor '/home/ronnigm/astar_ws/install/gazebo_sim/share/gazebo_sim/hook/pythonpath.dsv'
[1.818s] INFO:colcon.colcon_core.shell:Creating environment hook '/home/ronnigm/astar_ws/install/gazebo_sim/share/gazebo_sim/hook/pythonpath.sh'
[1.819s] Level 1:colcon.colcon_core.environment:checking '/home/ronnigm/astar_ws/install/gazebo_sim/bin'
[1.819s] Level 1:colcon.colcon_core.environment:create_environment_scripts_only(gazebo_sim)
[1.819s] INFO:colcon.colcon_core.shell:Creating package script '/home/ronnigm/astar_ws/install/gazebo_sim/share/gazebo_sim/package.ps1'
[1.820s] INFO:colcon.colcon_core.shell:Creating package descriptor '/home/ronnigm/astar_ws/install/gazebo_sim/share/gazebo_sim/package.dsv'
[1.820s] INFO:colcon.colcon_core.shell:Creating package script '/home/ronnigm/astar_ws/install/gazebo_sim/share/gazebo_sim/package.sh'
[1.821s] INFO:colcon.colcon_core.shell:Creating package script '/home/ronnigm/astar_ws/install/gazebo_sim/share/gazebo_sim/package.bash'
[1.821s] INFO:colcon.colcon_core.shell:Creating package script '/home/ronnigm/astar_ws/install/gazebo_sim/share/gazebo_sim/package.zsh'
[1.822s] Level 1:colcon.colcon_core.environment:create_file_with_runtime_dependencies(/home/ronnigm/astar_ws/install/gazebo_sim/share/colcon-core/packages/gazebo_sim)
[1.823s] Level 1:colcon.colcon_core.environment:checking '/home/ronnigm/astar_ws/install/robot_controller' for CMake module files
[1.824s] DEBUG:colcon.colcon_core.event_handler.log_command:Invoked command in '/home/ronnigm/astar_ws/src/robot_controller' returned '0': PYTHONPATH=/home/ronnigm/astar_ws/build/robot_controller/prefix_override:/usr/lib/python3/dist-packages/colcon_core/task/python/colcon_distutils_commands:/home/ronnigm/astar_ws/install/robot_controller/lib/python3.10/site-packages:${PYTHONPATH} /usr/bin/python3 -W ignore:setup.py install is deprecated -W ignore:easy_install command is deprecated setup.py egg_info --egg-base ../../build/robot_controller build --build-base /home/ronnigm/astar_ws/build/robot_controller/build install --record /home/ronnigm/astar_ws/build/robot_controller/install.log --single-version-externally-managed install_data
[1.824s] Level 1:colcon.colcon_core.environment:checking '/home/ronnigm/astar_ws/install/robot_controller' for CMake config files
[1.824s] Level 1:colcon.colcon_core.environment:checking '/home/ronnigm/astar_ws/install/robot_controller/lib'
[1.824s] Level 1:colcon.colcon_core.environment:checking '/home/ronnigm/astar_ws/install/robot_controller/bin'
[1.824s] Level 1:colcon.colcon_core.environment:checking '/home/ronnigm/astar_ws/install/robot_controller/lib/pkgconfig/robot_controller.pc'
[1.825s] Level 1:colcon.colcon_core.environment:checking '/home/ronnigm/astar_ws/install/robot_controller/lib/python3.10/site-packages'
[1.825s] Level 1:colcon.colcon_core.shell:create_environment_hook('robot_controller', 'pythonpath')
[1.825s] INFO:colcon.colcon_core.shell:Creating environment hook '/home/ronnigm/astar_ws/install/robot_controller/share/robot_controller/hook/pythonpath.ps1'
[1.825s] INFO:colcon.colcon_core.shell:Creating environment descriptor '/home/ronnigm/astar_ws/install/robot_controller/share/robot_controller/hook/pythonpath.dsv'
[1.825s] INFO:colcon.colcon_core.shell:Creating environment hook '/home/ronnigm/astar_ws/install/robot_controller/share/robot_controller/hook/pythonpath.sh'
[1.826s] Level 1:colcon.colcon_core.environment:checking '/home/ronnigm/astar_ws/install/robot_controller/bin'
[1.826s] Level 1:colcon.colcon_core.environment:create_environment_scripts_only(robot_controller)
[1.826s] INFO:colcon.colcon_core.shell:Creating package script '/home/ronnigm/astar_ws/install/robot_controller/share/robot_controller/package.ps1'
[1.827s] INFO:colcon.colcon_core.shell:Creating package descriptor '/home/ronnigm/astar_ws/install/robot_controller/share/robot_controller/package.dsv'
[1.827s] INFO:colcon.colcon_core.shell:Creating package script '/home/ronnigm/astar_ws/install/robot_controller/share/robot_controller/package.sh'
[1.827s] INFO:colcon.colcon_core.shell:Creating package script '/home/ronnigm/astar_ws/install/robot_controller/share/robot_controller/package.bash'
[1.827s] INFO:colcon.colcon_core.shell:Creating package script '/home/ronnigm/astar_ws/install/robot_controller/share/robot_controller/package.zsh'
[1.828s] Level 1:colcon.colcon_core.environment:create_file_with_runtime_dependencies(/home/ronnigm/astar_ws/install/robot_controller/share/colcon-core/packages/robot_controller)
[1.828s] Level 1:colcon.colcon_core.environment:checking '/home/ronnigm/astar_ws/install/astar_planner' for CMake module files
[1.829s] Level 1:colcon.colcon_core.environment:checking '/home/ronnigm/astar_ws/install/astar_planner' for CMake config files
[1.829s] DEBUG:colcon.colcon_core.event_handler.log_command:Invoked command in '/home/ronnigm/astar_ws/src/astar_planner' returned '0': PYTHONPATH=/home/ronnigm/astar_ws/build/astar_planner/prefix_override:/usr/lib/python3/dist-packages/colcon_core/task/python/colcon_distutils_commands:/home/ronnigm/astar_ws/install/astar_planner/lib/python3.10/site-packages:${PYTHONPATH} /usr/bin/python3 -W ignore:setup.py install is deprecated -W ignore:easy_install command is deprecated setup.py egg_info --egg-base ../../build/astar_planner build --build-base /home/ronnigm/astar_ws/build/astar_planner/build install --record /home/ronnigm/astar_ws/build/astar_planner/install.log --single-version-externally-managed install_data
[1.830s] Level 1:colcon.colcon_core.environment:checking '/home/ronnigm/astar_ws/install/astar_planner/lib'
[1.830s] Level 1:colcon.colcon_core.environment:checking '/home/ronnigm/astar_ws/install/astar_planner/bin'
[1.830s] Level 1:colcon.colcon_core.environment:checking '/home/ronnigm/astar_ws/install/astar_planner/lib/pkgconfig/astar_planner.pc'
[1.830s] Level 1:colcon.colcon_core.environment:checking '/home/ronnigm/astar_ws/install/astar_planner/lib/python3.10/site-packages'
[1.830s] Level 1:colcon.colcon_core.shell:create_environment_hook('astar_planner', 'pythonpath')
[1.830s] INFO:colcon.colcon_core.shell:Creating environment hook '/home/ronnigm/astar_ws/install/astar_planner/share/astar_planner/hook/pythonpath.ps1'
[1.830s] INFO:colcon.colcon_core.shell:Creating environment descriptor '/home/ronnigm/astar_ws/install/astar_planner/share/astar_planner/hook/pythonpath.dsv'
[1.831s] INFO:colcon.colcon_core.shell:Creating environment hook '/home/ronnigm/astar_ws/install/astar_planner/share/astar_planner/hook/pythonpath.sh'
[1.831s] Level 1:colcon.colcon_core.environment:checking '/home/ronnigm/astar_ws/install/astar_planner/bin'
[1.831s] Level 1:colcon.colcon_core.environment:create_environment_scripts_only(astar_planner)
[1.831s] INFO:colcon.colcon_core.shell:Creating package script '/home/ronnigm/astar_ws/install/astar_planner/share/astar_planner/package.ps1'
[1.832s] INFO:colcon.colcon_core.shell:Creating package descriptor '/home/ronnigm/astar_ws/install/astar_planner/share/astar_planner/package.dsv'
[1.832s] INFO:colcon.colcon_core.shell:Creating package script '/home/ronnigm/astar_ws/install/astar_planner/share/astar_planner/package.sh'
[1.832s] INFO:colcon.colcon_core.shell:Creating package script '/home/ronnigm/astar_ws/install/astar_planner/share/astar_planner/package.bash'
[1.833s] INFO:colcon.colcon_core.shell:Creating package script '/home/ronnigm/astar_ws/install/astar_planner/share/astar_planner/package.zsh'
[1.833s] Level 1:colcon.colcon_core.environment:create_file_with_runtime_dependencies(/home/ronnigm/astar_ws/install/astar_planner/share/colcon-core/packages/astar_planner)
[1.834s] Level 1:colcon.colcon_core.environment:checking '/home/ronnigm/astar_ws/install/robot_description' for CMake module files
[1.835s] DEBUG:colcon.colcon_core.event_handler.log_command:Invoked command in '/home/ronnigm/astar_ws/src/robot_description' returned '0': PYTHONPATH=/home/ronnigm/astar_ws/build/robot_description/prefix_override:/usr/lib/python3/dist-packages/colcon_core/task/python/colcon_distutils_commands:/home/ronnigm/astar_ws/install/robot_description/lib/python3.10/site-packages:${PYTHONPATH} /usr/bin/python3 -W ignore:setup.py install is deprecated -W ignore:easy_install command is deprecated setup.py egg_info --egg-base ../../build/robot_description build --build-base /home/ronnigm/astar_ws/build/robot_description/build install --record /home/ronnigm/astar_ws/build/robot_description/install.log --single-version-externally-managed install_data
[1.835s] Level 1:colcon.colcon_core.environment:checking '/home/ronnigm/astar_ws/install/robot_description' for CMake config files
[1.836s] Level 1:colcon.colcon_core.environment:checking '/home/ronnigm/astar_ws/install/robot_description/lib'
[1.836s] Level 1:colcon.colcon_core.environment:checking '/home/ronnigm/astar_ws/install/robot_description/bin'
[1.836s] Level 1:colcon.colcon_core.environment:checking '/home/ronnigm/astar_ws/install/robot_description/lib/pkgconfig/robot_description.pc'
[1.836s] Level 1:colcon.colcon_core.environment:checking '/home/ronnigm/astar_ws/install/robot_description/lib/python3.10/site-packages'
[1.836s] Level 1:colcon.colcon_core.shell:create_environment_hook('robot_description', 'pythonpath')
[1.836s] INFO:colcon.colcon_core.shell:Creating environment hook '/home/ronnigm/astar_ws/install/robot_description/share/robot_description/hook/pythonpath.ps1'
[1.836s] INFO:colcon.colcon_core.shell:Creating environment descriptor '/home/ronnigm/astar_ws/install/robot_description/share/robot_description/hook/pythonpath.dsv'
[1.837s] INFO:colcon.colcon_core.shell:Creating environment hook '/home/ronnigm/astar_ws/install/robot_description/share/robot_description/hook/pythonpath.sh'
[1.837s] Level 1:colcon.colcon_core.environment:checking '/home/ronnigm/astar_ws/install/robot_description/bin'
[1.837s] Level 1:colcon.colcon_core.environment:create_environment_scripts_only(robot_description)
[1.837s] INFO:colcon.colcon_core.shell:Creating package script '/home/ronnigm/astar_ws/install/robot_description/share/robot_description/package.ps1'
[1.838s] INFO:colcon.colcon_core.shell:Creating package descriptor '/home/ronnigm/astar_ws/install/robot_description/share/robot_description/package.dsv'
[1.838s] INFO:colcon.colcon_core.shell:Creating package script '/home/ronnigm/astar_ws/install/robot_description/share/robot_description/package.sh'
[1.838s] INFO:colcon.colcon_core.shell:Creating package script '/home/ronnigm/astar_ws/install/robot_description/share/robot_description/package.bash'
[1.839s] INFO:colcon.colcon_core.shell:Creating package script '/home/ronnigm/astar_ws/install/robot_description/share/robot_description/package.zsh'
[1.839s] Level 1:colcon.colcon_core.environment:create_file_with_runtime_dependencies(/home/ronnigm/astar_ws/install/robot_description/share/colcon-core/packages/robot_description)
[1.839s] DEBUG:colcon.colcon_parallel_executor.executor.parallel:closing loop
[1.839s] DEBUG:colcon.colcon_parallel_executor.executor.parallel:loop closed
[1.839s] DEBUG:colcon.colcon_parallel_executor.executor.parallel:run_until_complete finished with '0'
[1.839s] DEBUG:colcon.colcon_core.event_reactor:joining thread
[1.844s] INFO:colcon.colcon_core.plugin_system:Skipping extension 'colcon_notification.desktop_notification.terminal_notifier': Not used on non-Darwin systems
[1.844s] INFO:colcon.colcon_core.plugin_system:Skipping extension 'colcon_notification.desktop_notification.win32': Not used on non-Windows systems
[1.844s] INFO:colcon.colcon_notification.desktop_notification:Sending desktop notification using 'notify2'
[1.854s] DEBUG:colcon.colcon_core.event_reactor:joined thread
[1.854s] INFO:colcon.colcon_core.shell:Creating prefix script '/home/ronnigm/astar_ws/install/local_setup.ps1'
[1.855s] INFO:colcon.colcon_core.shell:Creating prefix util module '/home/ronnigm/astar_ws/install/_local_setup_util_ps1.py'
[1.856s] INFO:colcon.colcon_core.shell:Creating prefix chain script '/home/ronnigm/astar_ws/install/setup.ps1'
[1.857s] INFO:colcon.colcon_core.shell:Creating prefix script '/home/ronnigm/astar_ws/install/local_setup.sh'
[1.858s] INFO:colcon.colcon_core.shell:Creating prefix util module '/home/ronnigm/astar_ws/install/_local_setup_util_sh.py'
[1.859s] INFO:colcon.colcon_core.shell:Creating prefix chain script '/home/ronnigm/astar_ws/install/setup.sh'
[1.860s] INFO:colcon.colcon_core.shell:Creating prefix script '/home/ronnigm/astar_ws/install/local_setup.bash'
[1.861s] INFO:colcon.colcon_core.shell:Creating prefix chain script '/home/ronnigm/astar_ws/install/setup.bash'
[1.862s] INFO:colcon.colcon_core.shell:Creating prefix script '/home/ronnigm/astar_ws/install/local_setup.zsh'
[1.862s] INFO:colcon.colcon_core.shell:Creating prefix chain script '/home/ronnigm/astar_ws/install/setup.zsh'
