/home/ronnigm/astar_ws/install/gazebo_sim/lib/python3.10/site-packages/gazebo_sim/__init__.py
/home/ronnigm/astar_ws/install/gazebo_sim/lib/python3.10/site-packages/gazebo_sim/__pycache__/__init__.cpython-310.pyc
/home/ronnigm/astar_ws/install/gazebo_sim/share/ament_index/resource_index/packages/gazebo_sim
/home/ronnigm/astar_ws/install/gazebo_sim/share/gazebo_sim/package.xml
/home/ronnigm/astar_ws/install/gazebo_sim/share/gazebo_sim/worlds/nexus.world
/home/ronnigm/astar_ws/install/gazebo_sim/share/gazebo_sim/worlds/indoor_obstacles.world
/home/ronnigm/astar_ws/install/gazebo_sim/share/gazebo_sim/maps/indoor_obstacles.yaml
/home/ronnigm/astar_ws/install/gazebo_sim/share/gazebo_sim/maps/map.yaml
/home/ronnigm/astar_ws/install/gazebo_sim/share/gazebo_sim/maps/map.pgm
/home/ronnigm/astar_ws/install/gazebo_sim/share/gazebo_sim/maps/indoor_obstacles.pgm
/home/ronnigm/astar_ws/install/gazebo_sim/share/gazebo_sim/launch/sim.launch.py
/home/ronnigm/astar_ws/install/gazebo_sim/share/gazebo_sim/launch/nav.launch.py
/home/ronnigm/astar_ws/install/gazebo_sim/share/gazebo_sim/launch/rviz.launch.py
/home/ronnigm/astar_ws/install/gazebo_sim/share/gazebo_sim/launch/slam.launch.py
/home/ronnigm/astar_ws/install/gazebo_sim/lib/python3.10/site-packages/gazebo_sim-0.0.1-py3.10.egg-info/entry_points.txt
/home/ronnigm/astar_ws/install/gazebo_sim/lib/python3.10/site-packages/gazebo_sim-0.0.1-py3.10.egg-info/top_level.txt
/home/ronnigm/astar_ws/install/gazebo_sim/lib/python3.10/site-packages/gazebo_sim-0.0.1-py3.10.egg-info/requires.txt
/home/ronnigm/astar_ws/install/gazebo_sim/lib/python3.10/site-packages/gazebo_sim-0.0.1-py3.10.egg-info/SOURCES.txt
/home/ronnigm/astar_ws/install/gazebo_sim/lib/python3.10/site-packages/gazebo_sim-0.0.1-py3.10.egg-info/PKG-INFO
/home/ronnigm/astar_ws/install/gazebo_sim/lib/python3.10/site-packages/gazebo_sim-0.0.1-py3.10.egg-info/dependency_links.txt
/home/ronnigm/astar_ws/install/gazebo_sim/lib/python3.10/site-packages/gazebo_sim-0.0.1-py3.10.egg-info/zip-safe
