[1.156s] Invoking command in '/home/ronnigm/astar_ws/src/robot_controller': PYTHONPATH=/home/ronnigm/astar_ws/build/robot_controller/prefix_override:/usr/lib/python3/dist-packages/colcon_core/task/python/colcon_distutils_commands:/home/ronnigm/astar_ws/install/robot_controller/lib/python3.10/site-packages:${PYTHONPATH} /usr/bin/python3 -W ignore:setup.py install is deprecated -W ignore:easy_install command is deprecated setup.py egg_info --egg-base ../../build/robot_controller build --build-base /home/ronnigm/astar_ws/build/robot_controller/build install --record /home/ronnigm/astar_ws/build/robot_controller/install.log --single-version-externally-managed install_data
[1.364s] running egg_info
[1.364s] creating ../../build/robot_controller/robot_controller.egg-info
[1.364s] writing ../../build/robot_controller/robot_controller.egg-info/PKG-INFO
[1.364s] writing dependency_links to ../../build/robot_controller/robot_controller.egg-info/dependency_links.txt
[1.365s] writing entry points to ../../build/robot_controller/robot_controller.egg-info/entry_points.txt
[1.365s] writing requirements to ../../build/robot_controller/robot_controller.egg-info/requires.txt
[1.365s] writing top-level names to ../../build/robot_controller/robot_controller.egg-info/top_level.txt
[1.365s] writing manifest file '../../build/robot_controller/robot_controller.egg-info/SOURCES.txt'
[1.367s] reading manifest file '../../build/robot_controller/robot_controller.egg-info/SOURCES.txt'
[1.367s] writing manifest file '../../build/robot_controller/robot_controller.egg-info/SOURCES.txt'
[1.367s] running build
[1.367s] running build_py
[1.367s] creating /home/ronnigm/astar_ws/build/robot_controller/build
[1.368s] creating /home/ronnigm/astar_ws/build/robot_controller/build/lib
[1.368s] creating /home/ronnigm/astar_ws/build/robot_controller/build/lib/robot_controller
[1.368s] copying robot_controller/omni_kinematics.py -> /home/ronnigm/astar_ws/build/robot_controller/build/lib/robot_controller
[1.368s] copying robot_controller/path_follower.py -> /home/ronnigm/astar_ws/build/robot_controller/build/lib/robot_controller
[1.368s] copying robot_controller/__init__.py -> /home/ronnigm/astar_ws/build/robot_controller/build/lib/robot_controller
[1.368s] running install
[1.368s] running install_lib
[1.369s] creating /home/ronnigm/astar_ws/install/robot_controller/lib/python3.10/site-packages/robot_controller
[1.369s] copying /home/ronnigm/astar_ws/build/robot_controller/build/lib/robot_controller/omni_kinematics.py -> /home/ronnigm/astar_ws/install/robot_controller/lib/python3.10/site-packages/robot_controller
[1.369s] copying /home/ronnigm/astar_ws/build/robot_controller/build/lib/robot_controller/path_follower.py -> /home/ronnigm/astar_ws/install/robot_controller/lib/python3.10/site-packages/robot_controller
[1.369s] copying /home/ronnigm/astar_ws/build/robot_controller/build/lib/robot_controller/__init__.py -> /home/ronnigm/astar_ws/install/robot_controller/lib/python3.10/site-packages/robot_controller
[1.370s] byte-compiling /home/ronnigm/astar_ws/install/robot_controller/lib/python3.10/site-packages/robot_controller/omni_kinematics.py to omni_kinematics.cpython-310.pyc
[1.370s] byte-compiling /home/ronnigm/astar_ws/install/robot_controller/lib/python3.10/site-packages/robot_controller/path_follower.py to path_follower.cpython-310.pyc
[1.372s] byte-compiling /home/ronnigm/astar_ws/install/robot_controller/lib/python3.10/site-packages/robot_controller/__init__.py to __init__.cpython-310.pyc
[1.372s] running install_data
[1.372s] creating /home/ronnigm/astar_ws/install/robot_controller/share/ament_index
[1.372s] creating /home/ronnigm/astar_ws/install/robot_controller/share/ament_index/resource_index
[1.372s] creating /home/ronnigm/astar_ws/install/robot_controller/share/ament_index/resource_index/packages
[1.372s] copying resource/robot_controller -> /home/ronnigm/astar_ws/install/robot_controller/share/ament_index/resource_index/packages
[1.372s] copying package.xml -> /home/ronnigm/astar_ws/install/robot_controller/share/robot_controller
[1.373s] running install_egg_info
[1.374s] Copying ../../build/robot_controller/robot_controller.egg-info to /home/ronnigm/astar_ws/install/robot_controller/lib/python3.10/site-packages/robot_controller-0.0.0-py3.10.egg-info
[1.375s] running install_scripts
[1.394s] Installing omni_kinematics script to /home/ronnigm/astar_ws/install/robot_controller/lib/robot_controller
[1.394s] Installing path_follower script to /home/ronnigm/astar_ws/install/robot_controller/lib/robot_controller
[1.394s] writing list of installed files to '/home/ronnigm/astar_ws/build/robot_controller/install.log'
[1.441s] Invoked command in '/home/ronnigm/astar_ws/src/robot_controller' returned '0': PYTHONPATH=/home/ronnigm/astar_ws/build/robot_controller/prefix_override:/usr/lib/python3/dist-packages/colcon_core/task/python/colcon_distutils_commands:/home/ronnigm/astar_ws/install/robot_controller/lib/python3.10/site-packages:${PYTHONPATH} /usr/bin/python3 -W ignore:setup.py install is deprecated -W ignore:easy_install command is deprecated setup.py egg_info --egg-base ../../build/robot_controller build --build-base /home/ronnigm/astar_ws/build/robot_controller/build install --record /home/ronnigm/astar_ws/build/robot_controller/install.log --single-version-externally-managed install_data
