[1.176s] Invoking command in '/home/ronnigm/astar_ws/src/robot_controller': PYTHONPATH=/home/ronnigm/astar_ws/build/robot_controller/prefix_override:/usr/lib/python3/dist-packages/colcon_core/task/python/colcon_distutils_commands:/home/ronnigm/astar_ws/install/robot_controller/lib/python3.10/site-packages:${PYTHONPATH} /usr/bin/python3 -W ignore:setup.py install is deprecated -W ignore:easy_install command is deprecated setup.py egg_info --egg-base ../../build/robot_controller build --build-base /home/ronnigm/astar_ws/build/robot_controller/build install --record /home/ronnigm/astar_ws/build/robot_controller/install.log --single-version-externally-managed install_data
[1.383s] running egg_info
[1.384s] writing ../../build/robot_controller/robot_controller.egg-info/PKG-INFO
[1.384s] writing dependency_links to ../../build/robot_controller/robot_controller.egg-info/dependency_links.txt
[1.384s] writing entry points to ../../build/robot_controller/robot_controller.egg-info/entry_points.txt
[1.384s] writing requirements to ../../build/robot_controller/robot_controller.egg-info/requires.txt
[1.384s] writing top-level names to ../../build/robot_controller/robot_controller.egg-info/top_level.txt
[1.386s] reading manifest file '../../build/robot_controller/robot_controller.egg-info/SOURCES.txt'
[1.387s] writing manifest file '../../build/robot_controller/robot_controller.egg-info/SOURCES.txt'
[1.387s] running build
[1.387s] running build_py
[1.387s] copying robot_controller/omni_kinematics.py -> /home/ronnigm/astar_ws/build/robot_controller/build/lib/robot_controller
[1.387s] running install
[1.388s] running install_lib
[1.388s] copying /home/ronnigm/astar_ws/build/robot_controller/build/lib/robot_controller/omni_kinematics.py -> /home/ronnigm/astar_ws/install/robot_controller/lib/python3.10/site-packages/robot_controller
[1.388s] byte-compiling /home/ronnigm/astar_ws/install/robot_controller/lib/python3.10/site-packages/robot_controller/omni_kinematics.py to omni_kinematics.cpython-310.pyc
[1.389s] running install_data
[1.389s] running install_egg_info
[1.391s] removing '/home/ronnigm/astar_ws/install/robot_controller/lib/python3.10/site-packages/robot_controller-0.0.0-py3.10.egg-info' (and everything under it)
[1.391s] Copying ../../build/robot_controller/robot_controller.egg-info to /home/ronnigm/astar_ws/install/robot_controller/lib/python3.10/site-packages/robot_controller-0.0.0-py3.10.egg-info
[1.392s] running install_scripts
[1.410s] Installing omni_kinematics script to /home/ronnigm/astar_ws/install/robot_controller/lib/robot_controller
[1.411s] Installing path_follower script to /home/ronnigm/astar_ws/install/robot_controller/lib/robot_controller
[1.411s] writing list of installed files to '/home/ronnigm/astar_ws/build/robot_controller/install.log'
[1.449s] Invoked command in '/home/ronnigm/astar_ws/src/robot_controller' returned '0': PYTHONPATH=/home/ronnigm/astar_ws/build/robot_controller/prefix_override:/usr/lib/python3/dist-packages/colcon_core/task/python/colcon_distutils_commands:/home/ronnigm/astar_ws/install/robot_controller/lib/python3.10/site-packages:${PYTHONPATH} /usr/bin/python3 -W ignore:setup.py install is deprecated -W ignore:easy_install command is deprecated setup.py egg_info --egg-base ../../build/robot_controller build --build-base /home/ronnigm/astar_ws/build/robot_controller/build install --record /home/ronnigm/astar_ws/build/robot_controller/install.log --single-version-externally-managed install_data
